

Microchip MPLAB XC8 Assembler V2.10 build 88905656 
                                                                                               Thu Jan 30 11:21:42 2020

Microchip MPLAB XC8 C Compiler v2.10 (Free license) build 20190730164152 Og1 
     1                           	processor	16F887
     2                           	opt	pw 120
     3                           	opt	flic
     4                           	psect	idataBANK0,global,class=CODE,delta=2
     5                           	psect	idataBANK1,global,class=CODE,delta=2
     6                           	psect	cinit,global,class=CODE,merge=1,delta=2
     7                           	psect	bssCOMMON,global,class=COMMON,space=1,delta=1
     8                           	psect	bssBANK0,global,class=BANK0,space=1,delta=1
     9                           	psect	dataBANK0,global,class=BANK0,space=1,delta=1
    10                           	psect	dataBANK1,global,class=BANK1,space=1,delta=1
    11                           	psect	inittext,global,class=CODE,delta=2
    12                           	psect	cstackCOMMON,global,class=COMMON,space=1,delta=1
    13                           	psect	cstackBANK0,global,class=BANK0,space=1,delta=1
    14                           	psect	maintext,global,class=CODE,split=1,delta=2
    15                           	psect	text1,local,class=CODE,merge=1,delta=2
    16                           	dabs	1,0x7E,2
    17  0000                     
    18                           ; Version 2.10
    19                           ; Generated 31/07/2019 GMT
    20                           ; 
    21                           ; Copyright © 2019, Microchip Technology Inc. and its subsidiaries ("Microchip")
    22                           ; All rights reserved.
    23                           ; 
    24                           ; This software is developed by Microchip Technology Inc. and its subsidiaries ("Microch
      +                          ip").
    25                           ; 
    26                           ; Redistribution and use in source and binary forms, with or without modification, are
    27                           ; permitted provided that the following conditions are met:
    28                           ; 
    29                           ;     1. Redistributions of source code must retain the above copyright notice, this lis
      +                          t of
    30                           ;        conditions and the following disclaimer.
    31                           ; 
    32                           ;     2. Redistributions in binary form must reproduce the above copyright notice, this 
      +                          list
    33                           ;        of conditions and the following disclaimer in the documentation and/or other
    34                           ;        materials provided with the distribution.
    35                           ; 
    36                           ;     3. Microchip's name may not be used to endorse or promote products derived from th
      +                          is
    37                           ;        software without specific prior written permission.
    38                           ; 
    39                           ; THIS SOFTWARE IS PROVIDED BY MICROCHIP "AS IS" AND ANY EXPRESS OR IMPLIED WARRANTIES,
    40                           ; INCLUDING, BUT NOT LIMITED TO, THE IMPLIED WARRANTIES OF MERCHANTABILITY AND FITNESS F
      +                          OR
    41                           ; PURPOSE ARE DISCLAIMED.  IN NO EVENT SHALL MICROCHIP BE LIABLE FOR ANY DIRECT, INDIREC
      +                          T,
    42                           ; INCIDENTAL, SPECIAL, EXEMPLARY, OR CONSEQUENTIAL DAMAGES (INCLUDING BUT NOT LIMITED TO
    43                           ; PROCUREMENT OF SUBSTITUTE GOODS OR SERVICES; LOSS OF USE, DATA OR PROFITS; OR BUSINESS
    44                           ; INTERRUPTION) HOWSOEVER CAUSED AND ON ANY THEORY OF LIABILITY, WHETHER IN CONTRACT, ST
      +                          RICT
    45                           ; LIABILITY, OR TORT (INCLUDING NEGLIGENCE OR OTHERWISE) ARISING IN ANY WAY OUT OF THE U
      +                          SE OF
    46                           ; THIS SOFTWARE, EVEN IF ADVISED OF THE POSSIBILITY OF SUCH DAMAGE.
    47                           ; 
    48                           ; 
    49                           ; Code-generator required, PIC16F887 Definitions
    50                           ; 
    51                           ; SFR Addresses
    52  0000                     	;# 
    53  0001                     	;# 
    54  0002                     	;# 
    55  0003                     	;# 
    56  0004                     	;# 
    57  0005                     	;# 
    58  0006                     	;# 
    59  0007                     	;# 
    60  0008                     	;# 
    61  0009                     	;# 
    62  000A                     	;# 
    63  000B                     	;# 
    64  000C                     	;# 
    65  000D                     	;# 
    66  000E                     	;# 
    67  000E                     	;# 
    68  000F                     	;# 
    69  0010                     	;# 
    70  0011                     	;# 
    71  0012                     	;# 
    72  0013                     	;# 
    73  0014                     	;# 
    74  0015                     	;# 
    75  0015                     	;# 
    76  0016                     	;# 
    77  0017                     	;# 
    78  0018                     	;# 
    79  0019                     	;# 
    80  001A                     	;# 
    81  001B                     	;# 
    82  001B                     	;# 
    83  001C                     	;# 
    84  001D                     	;# 
    85  001E                     	;# 
    86  001F                     	;# 
    87  0081                     	;# 
    88  0085                     	;# 
    89  0086                     	;# 
    90  0087                     	;# 
    91  0088                     	;# 
    92  0089                     	;# 
    93  008C                     	;# 
    94  008D                     	;# 
    95  008E                     	;# 
    96  008F                     	;# 
    97  0090                     	;# 
    98  0091                     	;# 
    99  0092                     	;# 
   100  0093                     	;# 
   101  0093                     	;# 
   102  0093                     	;# 
   103  0094                     	;# 
   104  0095                     	;# 
   105  0096                     	;# 
   106  0097                     	;# 
   107  0098                     	;# 
   108  0099                     	;# 
   109  009A                     	;# 
   110  009B                     	;# 
   111  009C                     	;# 
   112  009D                     	;# 
   113  009E                     	;# 
   114  009F                     	;# 
   115  0105                     	;# 
   116  0107                     	;# 
   117  0108                     	;# 
   118  0109                     	;# 
   119  010C                     	;# 
   120  010C                     	;# 
   121  010D                     	;# 
   122  010E                     	;# 
   123  010F                     	;# 
   124  0185                     	;# 
   125  0187                     	;# 
   126  0188                     	;# 
   127  0189                     	;# 
   128  018C                     	;# 
   129  018D                     	;# 
   130  0000                     	;# 
   131  0001                     	;# 
   132  0002                     	;# 
   133  0003                     	;# 
   134  0004                     	;# 
   135  0005                     	;# 
   136  0006                     	;# 
   137  0007                     	;# 
   138  0008                     	;# 
   139  0009                     	;# 
   140  000A                     	;# 
   141  000B                     	;# 
   142  000C                     	;# 
   143  000D                     	;# 
   144  000E                     	;# 
   145  000E                     	;# 
   146  000F                     	;# 
   147  0010                     	;# 
   148  0011                     	;# 
   149  0012                     	;# 
   150  0013                     	;# 
   151  0014                     	;# 
   152  0015                     	;# 
   153  0015                     	;# 
   154  0016                     	;# 
   155  0017                     	;# 
   156  0018                     	;# 
   157  0019                     	;# 
   158  001A                     	;# 
   159  001B                     	;# 
   160  001B                     	;# 
   161  001C                     	;# 
   162  001D                     	;# 
   163  001E                     	;# 
   164  001F                     	;# 
   165  0081                     	;# 
   166  0085                     	;# 
   167  0086                     	;# 
   168  0087                     	;# 
   169  0088                     	;# 
   170  0089                     	;# 
   171  008C                     	;# 
   172  008D                     	;# 
   173  008E                     	;# 
   174  008F                     	;# 
   175  0090                     	;# 
   176  0091                     	;# 
   177  0092                     	;# 
   178  0093                     	;# 
   179  0093                     	;# 
   180  0093                     	;# 
   181  0094                     	;# 
   182  0095                     	;# 
   183  0096                     	;# 
   184  0097                     	;# 
   185  0098                     	;# 
   186  0099                     	;# 
   187  009A                     	;# 
   188  009B                     	;# 
   189  009C                     	;# 
   190  009D                     	;# 
   191  009E                     	;# 
   192  009F                     	;# 
   193  0105                     	;# 
   194  0107                     	;# 
   195  0108                     	;# 
   196  0109                     	;# 
   197  010C                     	;# 
   198  010C                     	;# 
   199  010D                     	;# 
   200  010E                     	;# 
   201  010F                     	;# 
   202  0185                     	;# 
   203  0187                     	;# 
   204  0188                     	;# 
   205  0189                     	;# 
   206  018C                     	;# 
   207  018D                     	;# 
   208                           
   209                           	psect	idataBANK0
   210  05B6                     __pidataBANK0:	
   211                           
   212                           ;initializer for main@F1274
   213  05B6  3401               	retlw	1
   214  05B7  3400               	retlw	0
   215  05B8  3402               	retlw	2
   216  05B9  3400               	retlw	0
   217  05BA  3404               	retlw	4
   218  05BB  3400               	retlw	0
   219  05BC  3408               	retlw	8
   220  05BD  3400               	retlw	0
   221  05BE  3410               	retlw	16
   222  05BF  3400               	retlw	0
   223  05C0  3420               	retlw	32
   224  05C1  3400               	retlw	0
   225  05C2  3440               	retlw	64
   226  05C3  3400               	retlw	0
   227  05C4  3480               	retlw	128
   228  05C5  3400               	retlw	0
   229                           
   230                           	psect	idataBANK1
   231  05F2                     __pidataBANK1:	
   232                           
   233                           ;initializer for main@F1272
   234  05F2  347E               	retlw	126
   235  05F3  3400               	retlw	0
   236  05F4  3430               	retlw	48
   237  05F5  3400               	retlw	0
   238  05F6  346D               	retlw	109
   239  05F7  3400               	retlw	0
   240  05F8  3479               	retlw	121
   241  05F9  3400               	retlw	0
   242  05FA  3433               	retlw	51
   243  05FB  3400               	retlw	0
   244  05FC  345B               	retlw	91
   245  05FD  3400               	retlw	0
   246  05FE  345F               	retlw	95
   247  05FF  3400               	retlw	0
   248  0600  3470               	retlw	112
   249  0601  3400               	retlw	0
   250  0602  347F               	retlw	127
   251  0603  3400               	retlw	0
   252  0604  347B               	retlw	123
   253  0605  3400               	retlw	0
   254                           
   255                           ;initializer for main@F1276
   256  0606  3401               	retlw	1
   257  0607  3400               	retlw	0
   258  0608  3402               	retlw	2
   259  0609  3400               	retlw	0
   260  060A  3404               	retlw	4
   261  060B  3400               	retlw	0
   262  060C  3408               	retlw	8
   263  060D  3400               	retlw	0
   264  060E  3410               	retlw	16
   265  060F  3400               	retlw	0
   266  0610  3420               	retlw	32
   267  0611  3400               	retlw	0
   268  0612  3440               	retlw	64
   269  0613  3400               	retlw	0
   270  0614  3480               	retlw	128
   271  0615  3400               	retlw	0
   272  0005                     _PORTA	set	5
   273  0008                     _PORTDbits	set	8
   274  0009                     _PORTE	set	9
   275  0009                     _PORTEbits	set	9
   276  0008                     _PORTD	set	8
   277  0007                     _PORTCbits	set	7
   278  0007                     _PORTC	set	7
   279  0006                     _PORTBbits	set	6
   280  0006                     _PORTB	set	6
   281  0005                     _PORTAbits	set	5
   282  0089                     _TRISEbits	set	137
   283  0085                     _TRISAbits	set	133
   284  0088                     _TRISD	set	136
   285  0087                     _TRISC	set	135
   286  0086                     _TRISB	set	134
   287  0189                     _ANSELH	set	393
   288  0188                     _ANSEL	set	392
   289                           
   290                           ; #config settings
   291  0000                     
   292                           	psect	cinit
   293  07D9                     start_initialization:	
   294  07D9                     __initialization:	
   295                           
   296                           ; Initialize objects allocated to BANK1
   297  07D9  1383               	bcf	3,7	;select IRP bank0
   298  07DA  30C4               	movlw	low (__pdataBANK1+36)
   299  07DB  00FD               	movwf	btemp+-1
   300  07DC  3005               	movlw	high __pidataBANK1
   301  07DD  00FE               	movwf	btemp
   302  07DE  30F2               	movlw	low __pidataBANK1
   303  07DF  00FF               	movwf	btemp+1
   304  07E0  30A0               	movlw	low __pdataBANK1
   305  07E1  0084               	movwf	4
   306  07E2  120A  118A  25CA  120A  118A  	fcall	init_ram0
   307                           
   308                           ; Initialize objects allocated to BANK0
   309  07E7  3064               	movlw	low (__pdataBANK0+16)
   310  07E8  00FD               	movwf	btemp+-1
   311  07E9  3005               	movlw	high __pidataBANK0
   312  07EA  00FE               	movwf	btemp
   313  07EB  30B6               	movlw	low __pidataBANK0
   314  07EC  00FF               	movwf	btemp+1
   315  07ED  3054               	movlw	low __pdataBANK0
   316  07EE  0084               	movwf	4
   317  07EF  120A  118A  25CA  120A  118A  	fcall	init_ram0
   318                           
   319                           ; Clear objects allocated to BANK0
   320  07F4  01E4               	clrf	__pbssBANK0& (0+127)
   321  07F5  01E5               	clrf	(__pbssBANK0+1)& (0+127)
   322  07F6  01E6               	clrf	(__pbssBANK0+2)& (0+127)
   323  07F7  01E7               	clrf	(__pbssBANK0+3)& (0+127)
   324  07F8  01E8               	clrf	(__pbssBANK0+4)& (0+127)
   325  07F9  01E9               	clrf	(__pbssBANK0+5)& (0+127)
   326  07FA  01EA               	clrf	(__pbssBANK0+6)& (0+127)
   327                           
   328                           ; Clear objects allocated to COMMON
   329  07FB  01F4               	clrf	__pbssCOMMON& (0+127)
   330  07FC                     end_of_initialization:	
   331                           ;End of C runtime variable initialization code
   332                           
   333  07FC                     __end_of__initialization:	
   334  07FC  0183               	clrf	3
   335  07FD  120A  118A  2E16   	ljmp	_main	;jump to C main() function
   336                           
   337                           	psect	bssCOMMON
   338  0074                     __pbssCOMMON:	
   339  0074                     _FLAG_ON:	
   340  0074                     	ds	1
   341                           
   342                           	psect	bssBANK0
   343  0064                     __pbssBANK0:	
   344  0064                     _count2:	
   345  0064                     	ds	2
   346  0066                     _count:	
   347  0066                     	ds	2
   348  0068                     _ESTADO3:	
   349  0068                     	ds	1
   350  0069                     _ESTADO2:	
   351  0069                     	ds	1
   352  006A                     _ESTADO:	
   353  006A                     	ds	1
   354                           
   355                           	psect	dataBANK0
   356  0054                     __pdataBANK0:	
   357  0054                     main@F1274:	
   358  0054                     	ds	16
   359                           
   360                           	psect	dataBANK1
   361  00A0                     __pdataBANK1:	
   362  00A0                     main@F1272:	
   363  00A0                     	ds	20
   364  00B4                     main@F1276:	
   365  00B4                     	ds	16
   366                           
   367                           	psect	inittext
   368  05C6                     init_fetch0:	
   369                           ;	Called with low address in FSR and high address in W
   370                           
   371  05C6  087E               	movf	btemp,w
   372  05C7  008A               	movwf	10
   373  05C8  087F               	movf	btemp+1,w
   374  05C9  0082               	movwf	2
   375  05CA                     init_ram0:	
   376                           ;Called with:
   377                           ;	high address of idata address in btemp 
   378                           ;	low address of idata address in btemp+1 
   379                           ;	low address of data in FSR
   380                           ;	high address + 1 of data in btemp-1
   381                           
   382  05CA  120A  118A  25C6  120A  118A  	fcall	init_fetch0
   383  05CF  0080               	movwf	0
   384  05D0  0A84               	incf	4,f
   385  05D1  0804               	movf	4,w
   386  05D2  067D               	xorwf	btemp+-1,w
   387  05D3  1903               	btfsc	3,2
   388  05D4  3400               	retlw	0
   389  05D5  0AFF               	incf	btemp+1,f
   390  05D6  1903               	btfsc	3,2
   391  05D7  0AFE               	incf	btemp,f
   392  05D8  2DCA               	goto	init_ram0
   393                           
   394                           	psect	cstackCOMMON
   395  0070                     __pcstackCOMMON:	
   396  0070                     ?_config:	
   397  0070                     ??_config:	
   398                           ; 1 bytes @ 0x0
   399                           
   400  0070                     ?_main:	
   401                           ; 1 bytes @ 0x0
   402                           
   403  0070                     ??_main:	
   404                           ; 1 bytes @ 0x0
   405                           
   406                           
   407                           ; 1 bytes @ 0x0
   408  0070                     	ds	4
   409                           
   410                           	psect	cstackBANK0
   411  0020                     __pcstackBANK0:	
   412  0020                     main@jugador_uno:	
   413                           
   414                           ; 16 bytes @ 0x0
   415  0020                     	ds	16
   416  0030                     main@jugador_dos:	
   417                           
   418                           ; 16 bytes @ 0x10
   419  0030                     	ds	16
   420  0040                     main@TABLA7SEG:	
   421                           
   422                           ; 20 bytes @ 0x20
   423  0040                     	ds	20
   424                           
   425                           	psect	maintext
   426  0616                     __pmaintext:	
   427 ;;
   428 ;;Main: autosize = 0, tempsize = 4, incstack = 0, save=0
   429 ;;
   430 ;; *************** function _main *****************
   431 ;; Defined at:
   432 ;;		line 40 in file "Anti-Rebote.c"
   433 ;; Parameters:    Size  Location     Type
   434 ;;		None
   435 ;; Auto vars:     Size  Location     Type
   436 ;;  TABLA7SEG      20   32[BANK0 ] unsigned int [10]
   437 ;;  jugador_dos    16   16[BANK0 ] unsigned int [8]
   438 ;;  jugador_uno    16    0[BANK0 ] unsigned int [8]
   439 ;; Return value:  Size  Location     Type
   440 ;;                  1    wreg      void 
   441 ;; Registers used:
   442 ;;		wreg, fsr0l, fsr0h, status,2, status,0, pclath, cstack
   443 ;; Tracked objects:
   444 ;;		On entry : B00/0
   445 ;;		On exit  : 0/0
   446 ;;		Unchanged: 0/0
   447 ;; Data sizes:     COMMON   BANK0   BANK1   BANK3   BANK2
   448 ;;      Params:         0       0       0       0       0
   449 ;;      Locals:         0      52       0       0       0
   450 ;;      Temps:          4       0       0       0       0
   451 ;;      Totals:         4      52       0       0       0
   452 ;;Total ram usage:       56 bytes
   453 ;; Hardware stack levels required when called:    1
   454 ;; This function calls:
   455 ;;		_config
   456 ;; This function is called by:
   457 ;;		Startup code after reset
   458 ;; This function uses a non-reentrant model
   459 ;;
   460                           
   461                           
   462                           ;psect for function _main
   463  0616                     _main:	
   464  0616                     l841:	
   465                           ;incstack = 0
   466                           ; Regs used in _main: [wreg-fsr0h+status,2+status,0+pclath+cstack]
   467                           
   468                           
   469                           ;Anti-Rebote.c: 41:     unsigned int jugador_dos [8] = {
   470  0616  120A  118A  25D9  120A  118A  	fcall	_config
   471  061B                     l843:	
   472                           
   473                           ;Anti-Rebote.c: 43:         0b00000010,
   474  061B  3040               	movlw	main@TABLA7SEG& (0+255)
   475  061C  0084               	movwf	4
   476  061D  30A0               	movlw	low main@F1272
   477  061E  00F0               	movwf	??_main
   478  061F  0804               	movf	4,w
   479  0620  00F1               	movwf	??_main+1
   480  0621  3014               	movlw	20
   481  0622  00F2               	movwf	??_main+2
   482  0623                     u140:	
   483  0623  0870               	movf	??_main,w
   484  0624  0084               	movwf	4
   485  0625  1383               	bcf	3,7	;select IRP bank1
   486  0626  0800               	movf	0,w
   487  0627  00F3               	movwf	??_main+3
   488  0628  0AF0               	incf	??_main,f
   489  0629  0871               	movf	??_main+1,w
   490  062A  0084               	movwf	4
   491  062B  0873               	movf	??_main+3,w
   492  062C  0080               	movwf	0
   493  062D  0AF1               	incf	??_main+1,f
   494  062E  0BF2               	decfsz	??_main+2,f
   495  062F  2E23               	goto	u140
   496  0630                     l845:	
   497                           
   498                           ;Anti-Rebote.c: 57: 
   499  0630  3020               	movlw	main@jugador_uno& (0+255)
   500  0631  0084               	movwf	4
   501  0632  3054               	movlw	low main@F1274
   502  0633  00F0               	movwf	??_main
   503  0634  0804               	movf	4,w
   504  0635  00F1               	movwf	??_main+1
   505  0636  3010               	movlw	16
   506  0637  00F2               	movwf	??_main+2
   507  0638                     u150:	
   508  0638  0870               	movf	??_main,w
   509  0639  0084               	movwf	4
   510  063A  1383               	bcf	3,7	;select IRP bank0
   511  063B  0800               	movf	0,w
   512  063C  00F3               	movwf	??_main+3
   513  063D  0AF0               	incf	??_main,f
   514  063E  0871               	movf	??_main+1,w
   515  063F  0084               	movwf	4
   516  0640  0873               	movf	??_main+3,w
   517  0641  0080               	movwf	0
   518  0642  0AF1               	incf	??_main+1,f
   519  0643  0BF2               	decfsz	??_main+2,f
   520  0644  2E38               	goto	u150
   521  0645                     l847:	
   522                           
   523                           ;Anti-Rebote.c: 68:                 PORTB = TABLA7SEG[1];
   524  0645  3030               	movlw	main@jugador_dos& (0+255)
   525  0646  0084               	movwf	4
   526  0647  30B4               	movlw	low main@F1276
   527  0648  00F0               	movwf	??_main
   528  0649  0804               	movf	4,w
   529  064A  00F1               	movwf	??_main+1
   530  064B  3010               	movlw	16
   531  064C  00F2               	movwf	??_main+2
   532  064D                     u160:	
   533  064D  0870               	movf	??_main,w
   534  064E  0084               	movwf	4
   535  064F  1383               	bcf	3,7	;select IRP bank1
   536  0650  0800               	movf	0,w
   537  0651  00F3               	movwf	??_main+3
   538  0652  0AF0               	incf	??_main,f
   539  0653  0871               	movf	??_main+1,w
   540  0654  0084               	movwf	4
   541  0655  0873               	movf	??_main+3,w
   542  0656  0080               	movwf	0
   543  0657  0AF1               	incf	??_main+1,f
   544  0658  0BF2               	decfsz	??_main+2,f
   545  0659  2E4D               	goto	u160
   546  065A                     l849:	
   547                           
   548                           ;Anti-Rebote.c: 81: 
   549  065A  1283               	bcf	3,5	;RP0=0, select bank0
   550  065B  1303               	bcf	3,6	;RP1=0, select bank0
   551  065C  1C05               	btfss	5,0	;volatile
   552  065D  2E5F               	goto	u171
   553  065E  2E60               	goto	u170
   554  065F                     u171:	
   555  065F  2EB5               	goto	l875
   556  0660                     u170:	
   557  0660                     l851:	
   558                           
   559                           ;Anti-Rebote.c: 82: 
   560  0660  01EA               	clrf	_ESTADO
   561  0661  0AEA               	incf	_ESTADO,f
   562  0662                     l853:	
   563                           
   564                           ;Anti-Rebote.c: 83:         if (PORTAbits.RA1 == 1 && PORTBbits.RB1 == 1) {
   565  0662  3053               	movlw	83
   566  0663  00F0               	movwf	??_main
   567  0664                     u277:	
   568  0664  0BF0               	decfsz	??_main,f
   569  0665  2E64               	goto	u277
   570  0666                     l855:	
   571  0666                     l857:	
   572                           ;Anti-Rebote.c: 85:             _delay((unsigned long)((250)*(4000000/4000000.0)));
   573                           
   574  0666  1283               	bcf	3,5	;RP0=0, select bank0
   575  0667  1303               	bcf	3,6	;RP1=0, select bank0
   576  0668  1805               	btfsc	5,0	;volatile
   577  0669  2E6B               	goto	u181
   578  066A  2E6C               	goto	u180
   579  066B                     u181:	
   580  066B  2EB4               	goto	l873
   581  066C                     u180:	
   582  066C                     l859:	
   583                           
   584                           ;Anti-Rebote.c: 87:             if (ESTADO2 == 1 && PORTAbits.RA1 == 0) {
   585  066C  0846               	movf	main@TABLA7SEG+6,w
   586  066D  0086               	movwf	6	;volatile
   587  066E                     l861:	
   588                           
   589                           ;Anti-Rebote.c: 88:                 PORTC = jugador_uno[count];
   590  066E  1585               	bsf	5,3	;volatile
   591                           
   592                           ;Anti-Rebote.c: 89:                 count++;
   593  066F  3006               	movlw	6
   594  0670  00F2               	movwf	??_main+2
   595  0671  3013               	movlw	19
   596  0672  00F1               	movwf	??_main+1
   597  0673  30AD               	movlw	173
   598  0674  00F0               	movwf	??_main
   599  0675                     u287:	
   600  0675  0BF0               	decfsz	??_main,f
   601  0676  2E75               	goto	u287
   602  0677  0BF1               	decfsz	??_main+1,f
   603  0678  2E75               	goto	u287
   604  0679  0BF2               	decfsz	??_main+2,f
   605  067A  2E75               	goto	u287
   606  067B  2E7C               	nop2
   607                           
   608                           ;Anti-Rebote.c: 91: 
   609  067C  1283               	bcf	3,5	;RP0=0, select bank0
   610  067D  1303               	bcf	3,6	;RP1=0, select bank0
   611  067E  0844               	movf	main@TABLA7SEG+4,w
   612  067F  0086               	movwf	6	;volatile
   613  0680                     l863:	
   614                           
   615                           ;Anti-Rebote.c: 92:                 if (PORTCbits.RC7 == 1) {
   616  0680  1605               	bsf	5,4	;volatile
   617                           
   618                           ;Anti-Rebote.c: 93:                     PORTC = 0x00;
   619  0681  3006               	movlw	6
   620  0682  00F2               	movwf	??_main+2
   621  0683  3013               	movlw	19
   622  0684  00F1               	movwf	??_main+1
   623  0685  30AD               	movlw	173
   624  0686  00F0               	movwf	??_main
   625  0687                     u297:	
   626  0687  0BF0               	decfsz	??_main,f
   627  0688  2E87               	goto	u297
   628  0689  0BF1               	decfsz	??_main+1,f
   629  068A  2E87               	goto	u297
   630  068B  0BF2               	decfsz	??_main+2,f
   631  068C  2E87               	goto	u297
   632  068D  2E8E               	nop2
   633                           
   634                           ;Anti-Rebote.c: 95:                     PORTEbits.RE0 = 1;
   635  068E  1283               	bcf	3,5	;RP0=0, select bank0
   636  068F  1303               	bcf	3,6	;RP1=0, select bank0
   637  0690  0842               	movf	main@TABLA7SEG+2,w
   638  0691  0086               	movwf	6	;volatile
   639  0692                     l865:	
   640                           
   641                           ;Anti-Rebote.c: 96:                     PORTB = TABLA7SEG[1];
   642  0692  1685               	bsf	5,5	;volatile
   643                           
   644                           ;Anti-Rebote.c: 97:                     _delay((unsigned long)((1000)*(4000000/4000.0)))
      +                          ;
   645  0693  3003               	movlw	3
   646  0694  00F2               	movwf	??_main+2
   647  0695  308A               	movlw	138
   648  0696  00F1               	movwf	??_main+1
   649  0697  3055               	movlw	85
   650  0698  00F0               	movwf	??_main
   651  0699                     u307:	
   652  0699  0BF0               	decfsz	??_main,f
   653  069A  2E99               	goto	u307
   654  069B  0BF1               	decfsz	??_main+1,f
   655  069C  2E99               	goto	u307
   656  069D  0BF2               	decfsz	??_main+2,f
   657  069E  2E99               	goto	u307
   658  069F  2EA0               	nop2
   659                           
   660                           ;Anti-Rebote.c: 99:                     PORTB = TABLA7SEG[0];
   661  06A0  3003               	movlw	3
   662  06A1  00F2               	movwf	??_main+2
   663  06A2  308A               	movlw	138
   664  06A3  00F1               	movwf	??_main+1
   665  06A4  3055               	movlw	85
   666  06A5  00F0               	movwf	??_main
   667  06A6                     u317:	
   668  06A6  0BF0               	decfsz	??_main,f
   669  06A7  2EA6               	goto	u317
   670  06A8  0BF1               	decfsz	??_main+1,f
   671  06A9  2EA6               	goto	u317
   672  06AA  0BF2               	decfsz	??_main+2,f
   673  06AB  2EA6               	goto	u317
   674  06AC  2EAD               	nop2
   675  06AD                     l867:	
   676                           
   677                           ;Anti-Rebote.c: 100:                     _delay((unsigned long)((1000)*(4000000/4000.0))
      +                          );
   678  06AD  1283               	bcf	3,5	;RP0=0, select bank0
   679  06AE  1303               	bcf	3,6	;RP1=0, select bank0
   680  06AF  1185               	bcf	5,3	;volatile
   681  06B0                     l869:	
   682                           
   683                           ;Anti-Rebote.c: 101:                     PORTB = TABLA7SEG[1];
   684  06B0  1205               	bcf	5,4	;volatile
   685  06B1                     l871:	
   686                           
   687                           ;Anti-Rebote.c: 102:                     PORTEbits.RE0 = 1;
   688  06B1  1285               	bcf	5,5	;volatile
   689                           
   690                           ;Anti-Rebote.c: 103:                     _delay((unsigned long)((1000)*(4000000/4000.0))
      +                          );
   691  06B2  0840               	movf	main@TABLA7SEG,w
   692  06B3  0086               	movwf	6	;volatile
   693  06B4                     l873:	
   694                           
   695                           ;Anti-Rebote.c: 106:                     _delay((unsigned long)((1000)*(4000000/4000.0))
      +                          );
   696  06B4  01EA               	clrf	_ESTADO
   697  06B5                     l875:	
   698                           
   699                           ;Anti-Rebote.c: 110:                     _delay((unsigned long)((5000)*(4000000/4000.0))
      +                          );
   700  06B5  1C85               	btfss	5,1	;volatile
   701  06B6  2EB8               	goto	u191
   702  06B7  2EB9               	goto	u190
   703  06B8                     u191:	
   704  06B8  2F45               	goto	l927
   705  06B9                     u190:	
   706  06B9                     l877:	
   707  06B9  1C86               	btfss	6,1	;volatile
   708  06BA  2EBC               	goto	u201
   709  06BB  2EBD               	goto	u200
   710  06BC                     u201:	
   711  06BC  2F45               	goto	l927
   712  06BD                     u200:	
   713  06BD                     l879:	
   714                           
   715                           ;Anti-Rebote.c: 111:                     PORTB = 0x00;
   716  06BD  01E9               	clrf	_ESTADO2
   717  06BE  0AE9               	incf	_ESTADO2,f
   718  06BF                     l881:	
   719                           
   720                           ;Anti-Rebote.c: 112:                     PORTE = 0x00;
   721  06BF  3053               	movlw	83
   722  06C0  00F0               	movwf	??_main
   723  06C1                     u327:	
   724  06C1  0BF0               	decfsz	??_main,f
   725  06C2  2EC1               	goto	u327
   726  06C3                     l883:	
   727  06C3                     l885:	
   728                           ;Anti-Rebote.c: 114:             }
   729                           
   730  06C3  1283               	bcf	3,5	;RP0=0, select bank0
   731  06C4  1303               	bcf	3,6	;RP1=0, select bank0
   732  06C5  1885               	btfsc	5,1	;volatile
   733  06C6  2EC8               	goto	u211
   734  06C7  2EC9               	goto	u210
   735  06C8                     u211:	
   736  06C8  2F44               	goto	l65
   737  06C9                     u210:	
   738  06C9                     l887:	
   739                           
   740                           ;Anti-Rebote.c: 115:             ESTADO2 = 0;
   741  06C9  0866               	movf	_count,w
   742  06CA  00F0               	movwf	??_main
   743  06CB  0770               	addwf	??_main,w
   744  06CC  3E20               	addlw	(low (main@jugador_uno| 0))& (0+255)
   745  06CD  0084               	movwf	4
   746  06CE  1383               	bcf	3,7	;select IRP bank0
   747  06CF  0800               	movf	0,w
   748  06D0  0087               	movwf	7	;volatile
   749  06D1                     l889:	
   750                           
   751                           ;Anti-Rebote.c: 116:         }
   752  06D1  3001               	movlw	1
   753  06D2  07E6               	addwf	_count,f
   754  06D3  1803               	skipnc
   755  06D4  0AE7               	incf	_count+1,f
   756  06D5  3000               	movlw	0
   757  06D6  07E7               	addwf	_count+1,f
   758  06D7                     l891:	
   759                           
   760                           ;Anti-Rebote.c: 117: 
   761  06D7  3082               	movlw	130
   762  06D8  00F1               	movwf	??_main+1
   763  06D9  30DD               	movlw	221
   764  06DA  00F0               	movwf	??_main
   765  06DB                     u337:	
   766  06DB  0BF0               	decfsz	??_main,f
   767  06DC  2EDB               	goto	u337
   768  06DD  0BF1               	decfsz	??_main+1,f
   769  06DE  2EDB               	goto	u337
   770  06DF  2EE0               	nop2
   771  06E0                     l893:	
   772                           
   773                           ;Anti-Rebote.c: 119:             ESTADO3 = 1;
   774  06E0  1283               	bcf	3,5	;RP0=0, select bank0
   775  06E1  1303               	bcf	3,6	;RP1=0, select bank0
   776  06E2  1F87               	btfss	7,7	;volatile
   777  06E3  2EE5               	goto	u221
   778  06E4  2EE6               	goto	u220
   779  06E5                     u221:	
   780  06E5  2F44               	goto	l65
   781  06E6                     u220:	
   782  06E6                     l895:	
   783                           
   784                           ;Anti-Rebote.c: 120:             _delay((unsigned long)((250)*(4000000/4000000.0)));
   785  06E6  0187               	clrf	7	;volatile
   786                           
   787                           ;Anti-Rebote.c: 121: 
   788  06E7  0188               	clrf	8	;volatile
   789  06E8                     l897:	
   790                           
   791                           ;Anti-Rebote.c: 122:             if (ESTADO3 == 1 && PORTAbits.RA2 == 0) {
   792  06E8  1409               	bsf	9,0	;volatile
   793  06E9                     l899:	
   794                           
   795                           ;Anti-Rebote.c: 123:                 PORTD = jugador_dos[count2];
   796  06E9  0842               	movf	main@TABLA7SEG+2,w
   797  06EA  0086               	movwf	6	;volatile
   798  06EB                     l901:	
   799                           
   800                           ;Anti-Rebote.c: 124:                 count2++;
   801  06EB  3006               	movlw	6
   802  06EC  00F2               	movwf	??_main+2
   803  06ED  3013               	movlw	19
   804  06EE  00F1               	movwf	??_main+1
   805  06EF  30AD               	movlw	173
   806  06F0  00F0               	movwf	??_main
   807  06F1                     u347:	
   808  06F1  0BF0               	decfsz	??_main,f
   809  06F2  2EF1               	goto	u347
   810  06F3  0BF1               	decfsz	??_main+1,f
   811  06F4  2EF1               	goto	u347
   812  06F5  0BF2               	decfsz	??_main+2,f
   813  06F6  2EF1               	goto	u347
   814  06F7  2EF8               	nop2
   815  06F8                     l903:	
   816                           
   817                           ;Anti-Rebote.c: 125:                 _delay((unsigned long)((100)*(4000000/4000.0)));
   818  06F8  1283               	bcf	3,5	;RP0=0, select bank0
   819  06F9  1303               	bcf	3,6	;RP1=0, select bank0
   820  06FA  1009               	bcf	9,0	;volatile
   821  06FB                     l905:	
   822                           
   823                           ;Anti-Rebote.c: 126: 
   824  06FB  0840               	movf	main@TABLA7SEG,w
   825  06FC  0086               	movwf	6	;volatile
   826  06FD                     l907:	
   827                           
   828                           ;Anti-Rebote.c: 127:                 if (PORTDbits.RD7 == 1) {
   829  06FD  3006               	movlw	6
   830  06FE  00F2               	movwf	??_main+2
   831  06FF  3013               	movlw	19
   832  0700  00F1               	movwf	??_main+1
   833  0701  30AD               	movlw	173
   834  0702  00F0               	movwf	??_main
   835  0703                     u357:	
   836  0703  0BF0               	decfsz	??_main,f
   837  0704  2F03               	goto	u357
   838  0705  0BF1               	decfsz	??_main+1,f
   839  0706  2F03               	goto	u357
   840  0707  0BF2               	decfsz	??_main+2,f
   841  0708  2F03               	goto	u357
   842  0709  2F0A               	nop2
   843  070A                     l909:	
   844                           
   845                           ;Anti-Rebote.c: 128:                     PORTC = 0x00;
   846  070A  1283               	bcf	3,5	;RP0=0, select bank0
   847  070B  1303               	bcf	3,6	;RP1=0, select bank0
   848  070C  0842               	movf	main@TABLA7SEG+2,w
   849  070D  0086               	movwf	6	;volatile
   850  070E                     l911:	
   851                           
   852                           ;Anti-Rebote.c: 129:                     PORTD = 0x00;
   853  070E  1409               	bsf	9,0	;volatile
   854  070F                     l913:	
   855                           
   856                           ;Anti-Rebote.c: 130:                     PORTEbits.RE1 = 1;
   857  070F  3006               	movlw	6
   858  0710  00F2               	movwf	??_main+2
   859  0711  3013               	movlw	19
   860  0712  00F1               	movwf	??_main+1
   861  0713  30AD               	movlw	173
   862  0714  00F0               	movwf	??_main
   863  0715                     u367:	
   864  0715  0BF0               	decfsz	??_main,f
   865  0716  2F15               	goto	u367
   866  0717  0BF1               	decfsz	??_main+1,f
   867  0718  2F15               	goto	u367
   868  0719  0BF2               	decfsz	??_main+2,f
   869  071A  2F15               	goto	u367
   870  071B  2F1C               	nop2
   871  071C                     l915:	
   872                           
   873                           ;Anti-Rebote.c: 131:                     PORTB = TABLA7SEG[2];
   874  071C  1283               	bcf	3,5	;RP0=0, select bank0
   875  071D  1303               	bcf	3,6	;RP1=0, select bank0
   876  071E  0840               	movf	main@TABLA7SEG,w
   877  071F  0086               	movwf	6	;volatile
   878  0720                     l917:	
   879                           
   880                           ;Anti-Rebote.c: 132:                     _delay((unsigned long)((1000)*(4000000/4000.0))
      +                          );
   881  0720  1009               	bcf	9,0	;volatile
   882  0721                     l919:	
   883                           
   884                           ;Anti-Rebote.c: 133:                     PORTEbits.RE1 = 0;
   885  0721  3006               	movlw	6
   886  0722  00F2               	movwf	??_main+2
   887  0723  3013               	movlw	19
   888  0724  00F1               	movwf	??_main+1
   889  0725  30AD               	movlw	173
   890  0726  00F0               	movwf	??_main
   891  0727                     u377:	
   892  0727  0BF0               	decfsz	??_main,f
   893  0728  2F27               	goto	u377
   894  0729  0BF1               	decfsz	??_main+1,f
   895  072A  2F27               	goto	u377
   896  072B  0BF2               	decfsz	??_main+2,f
   897  072C  2F27               	goto	u377
   898  072D  2F2E               	nop2
   899  072E                     l921:	
   900                           
   901                           ;Anti-Rebote.c: 134:                     PORTB = TABLA7SEG[0];
   902  072E  1283               	bcf	3,5	;RP0=0, select bank0
   903  072F  1303               	bcf	3,6	;RP1=0, select bank0
   904  0730  0842               	movf	main@TABLA7SEG+2,w
   905  0731  0086               	movwf	6	;volatile
   906  0732                     l923:	
   907                           
   908                           ;Anti-Rebote.c: 135:                     _delay((unsigned long)((1000)*(4000000/4000.0))
      +                          );
   909  0732  1409               	bsf	9,0	;volatile
   910  0733                     l925:	
   911                           
   912                           ;Anti-Rebote.c: 137:                     PORTEbits.RE1 = 1;
   913  0733  301A               	movlw	26
   914  0734  00F2               	movwf	??_main+2
   915  0735  305E               	movlw	94
   916  0736  00F1               	movwf	??_main+1
   917  0737  306E               	movlw	110
   918  0738  00F0               	movwf	??_main
   919  0739                     u387:	
   920  0739  0BF0               	decfsz	??_main,f
   921  073A  2F39               	goto	u387
   922  073B  0BF1               	decfsz	??_main+1,f
   923  073C  2F39               	goto	u387
   924  073D  0BF2               	decfsz	??_main+2,f
   925  073E  2F39               	goto	u387
   926  073F  0000               	nop
   927                           
   928                           ;Anti-Rebote.c: 138:                     _delay((unsigned long)((1000)*(4000000/4000.0))
      +                          );
   929  0740  1283               	bcf	3,5	;RP0=0, select bank0
   930  0741  1303               	bcf	3,6	;RP1=0, select bank0
   931  0742  0186               	clrf	6	;volatile
   932                           
   933                           ;Anti-Rebote.c: 139:                     PORTB = TABLA7SEG[0];
   934  0743  0189               	clrf	9	;volatile
   935  0744                     l65:	
   936                           ;Anti-Rebote.c: 141:                     _delay((unsigned long)((1000)*(4000000/4000.0))
      +                          );
   937                           
   938                           
   939                           ;Anti-Rebote.c: 142:                     PORTB = TABLA7SEG[2];
   940  0744  01E9               	clrf	_ESTADO2
   941  0745                     l927:	
   942                           
   943                           ;Anti-Rebote.c: 145:                     _delay((unsigned long)((5000)*(4000000/4000.0))
      +                          );
   944  0745  1D05               	btfss	5,2	;volatile
   945  0746  2F48               	goto	u231
   946  0747  2F49               	goto	u230
   947  0748                     u231:	
   948  0748  2E5A               	goto	l849
   949  0749                     u230:	
   950  0749                     l929:	
   951  0749  1C86               	btfss	6,1	;volatile
   952  074A  2F4C               	goto	u241
   953  074B  2F4D               	goto	u240
   954  074C                     u241:	
   955  074C  2E5A               	goto	l849
   956  074D                     u240:	
   957  074D                     l931:	
   958                           
   959                           ;Anti-Rebote.c: 146:                     PORTB = 0x00;
   960  074D  01E8               	clrf	_ESTADO3
   961  074E  0AE8               	incf	_ESTADO3,f
   962  074F                     l933:	
   963                           
   964                           ;Anti-Rebote.c: 147:                     PORTE = 0x00;
   965  074F  3053               	movlw	83
   966  0750  00F0               	movwf	??_main
   967  0751                     u397:	
   968  0751  0BF0               	decfsz	??_main,f
   969  0752  2F51               	goto	u397
   970  0753                     l935:	
   971  0753                     l937:	
   972                           ;Anti-Rebote.c: 149:             }
   973                           
   974  0753  1283               	bcf	3,5	;RP0=0, select bank0
   975  0754  1303               	bcf	3,6	;RP1=0, select bank0
   976  0755  1905               	btfsc	5,2	;volatile
   977  0756  2F58               	goto	u251
   978  0757  2F59               	goto	u250
   979  0758                     u251:	
   980  0758  2FD4               	goto	l68
   981  0759                     u250:	
   982  0759                     l939:	
   983                           
   984                           ;Anti-Rebote.c: 150:             ESTADO3 = 0;
   985  0759  0864               	movf	_count2,w
   986  075A  00F0               	movwf	??_main
   987  075B  0770               	addwf	??_main,w
   988  075C  3E30               	addlw	(low (main@jugador_dos| 0))& (0+255)
   989  075D  0084               	movwf	4
   990  075E  1383               	bcf	3,7	;select IRP bank0
   991  075F  0800               	movf	0,w
   992  0760  0088               	movwf	8	;volatile
   993  0761                     l941:	
   994                           
   995                           ;Anti-Rebote.c: 151: 
   996  0761  3001               	movlw	1
   997  0762  07E4               	addwf	_count2,f
   998  0763  1803               	skipnc
   999  0764  0AE5               	incf	_count2+1,f
  1000  0765  3000               	movlw	0
  1001  0766  07E5               	addwf	_count2+1,f
  1002  0767                     l943:	
  1003                           
  1004                           ;Anti-Rebote.c: 152:         }
  1005  0767  3082               	movlw	130
  1006  0768  00F1               	movwf	??_main+1
  1007  0769  30DD               	movlw	221
  1008  076A  00F0               	movwf	??_main
  1009  076B                     u407:	
  1010  076B  0BF0               	decfsz	??_main,f
  1011  076C  2F6B               	goto	u407
  1012  076D  0BF1               	decfsz	??_main+1,f
  1013  076E  2F6B               	goto	u407
  1014  076F  2F70               	nop2
  1015  0770                     l945:	
  1016                           
  1017                           ;Anti-Rebote.c: 154:     }
  1018  0770  1283               	bcf	3,5	;RP0=0, select bank0
  1019  0771  1303               	bcf	3,6	;RP1=0, select bank0
  1020  0772  1F88               	btfss	8,7	;volatile
  1021  0773  2F75               	goto	u261
  1022  0774  2F76               	goto	u260
  1023  0775                     u261:	
  1024  0775  2FD4               	goto	l68
  1025  0776                     u260:	
  1026  0776                     l947:	
  1027                           
  1028                           ;Anti-Rebote.c: 155: 
  1029  0776  0187               	clrf	7	;volatile
  1030                           
  1031                           ;Anti-Rebote.c: 156:     return;
  1032  0777  0188               	clrf	8	;volatile
  1033  0778                     l949:	
  1034                           
  1035                           ;Anti-Rebote.c: 157: }
  1036  0778  1489               	bsf	9,1	;volatile
  1037  0779                     l951:	
  1038                           
  1039                           ;Anti-Rebote.c: 158: 
  1040  0779  0844               	movf	main@TABLA7SEG+4,w
  1041  077A  0086               	movwf	6	;volatile
  1042  077B                     l953:	
  1043                           
  1044                           ;Anti-Rebote.c: 159: 
  1045  077B  3006               	movlw	6
  1046  077C  00F2               	movwf	??_main+2
  1047  077D  3013               	movlw	19
  1048  077E  00F1               	movwf	??_main+1
  1049  077F  30AD               	movlw	173
  1050  0780  00F0               	movwf	??_main
  1051  0781                     u417:	
  1052  0781  0BF0               	decfsz	??_main,f
  1053  0782  2F81               	goto	u417
  1054  0783  0BF1               	decfsz	??_main+1,f
  1055  0784  2F81               	goto	u417
  1056  0785  0BF2               	decfsz	??_main+2,f
  1057  0786  2F81               	goto	u417
  1058  0787  2F88               	nop2
  1059  0788                     l955:	
  1060                           
  1061                           ;Anti-Rebote.c: 160: 
  1062  0788  1283               	bcf	3,5	;RP0=0, select bank0
  1063  0789  1303               	bcf	3,6	;RP1=0, select bank0
  1064  078A  1089               	bcf	9,1	;volatile
  1065  078B                     l957:	
  1066                           
  1067                           ;Anti-Rebote.c: 161: void config(void){
  1068  078B  0840               	movf	main@TABLA7SEG,w
  1069  078C  0086               	movwf	6	;volatile
  1070  078D                     l959:	
  1071                           
  1072                           ;Anti-Rebote.c: 162:     ANSEL = ANSELH = 0;
  1073  078D  3006               	movlw	6
  1074  078E  00F2               	movwf	??_main+2
  1075  078F  3013               	movlw	19
  1076  0790  00F1               	movwf	??_main+1
  1077  0791  30AD               	movlw	173
  1078  0792  00F0               	movwf	??_main
  1079  0793                     u427:	
  1080  0793  0BF0               	decfsz	??_main,f
  1081  0794  2F93               	goto	u427
  1082  0795  0BF1               	decfsz	??_main+1,f
  1083  0796  2F93               	goto	u427
  1084  0797  0BF2               	decfsz	??_main+2,f
  1085  0798  2F93               	goto	u427
  1086  0799  2F9A               	nop2
  1087  079A                     l961:	
  1088                           
  1089                           ;Anti-Rebote.c: 163:     TRISB = 0x00;
  1090  079A  1283               	bcf	3,5	;RP0=0, select bank0
  1091  079B  1303               	bcf	3,6	;RP1=0, select bank0
  1092  079C  0844               	movf	main@TABLA7SEG+4,w
  1093  079D  0086               	movwf	6	;volatile
  1094  079E                     l963:	
  1095                           
  1096                           ;Anti-Rebote.c: 164:     TRISC = 0x00;
  1097  079E  1489               	bsf	9,1	;volatile
  1098  079F                     l965:	
  1099                           
  1100                           ;Anti-Rebote.c: 165:     TRISD = 0x00;
  1101  079F  3006               	movlw	6
  1102  07A0  00F2               	movwf	??_main+2
  1103  07A1  3013               	movlw	19
  1104  07A2  00F1               	movwf	??_main+1
  1105  07A3  30AD               	movlw	173
  1106  07A4  00F0               	movwf	??_main
  1107  07A5                     u437:	
  1108  07A5  0BF0               	decfsz	??_main,f
  1109  07A6  2FA5               	goto	u437
  1110  07A7  0BF1               	decfsz	??_main+1,f
  1111  07A8  2FA5               	goto	u437
  1112  07A9  0BF2               	decfsz	??_main+2,f
  1113  07AA  2FA5               	goto	u437
  1114  07AB  2FAC               	nop2
  1115  07AC                     l967:	
  1116                           
  1117                           ;Anti-Rebote.c: 166: 
  1118  07AC  1283               	bcf	3,5	;RP0=0, select bank0
  1119  07AD  1303               	bcf	3,6	;RP1=0, select bank0
  1120  07AE  0840               	movf	main@TABLA7SEG,w
  1121  07AF  0086               	movwf	6	;volatile
  1122  07B0                     l969:	
  1123                           
  1124                           ;Anti-Rebote.c: 167:     TRISAbits.TRISA0 = 1 ;
  1125  07B0  1089               	bcf	9,1	;volatile
  1126  07B1                     l971:	
  1127                           
  1128                           ;Anti-Rebote.c: 168:     TRISAbits.TRISA1 = 1 ;
  1129  07B1  3006               	movlw	6
  1130  07B2  00F2               	movwf	??_main+2
  1131  07B3  3013               	movlw	19
  1132  07B4  00F1               	movwf	??_main+1
  1133  07B5  30AD               	movlw	173
  1134  07B6  00F0               	movwf	??_main
  1135  07B7                     u447:	
  1136  07B7  0BF0               	decfsz	??_main,f
  1137  07B8  2FB7               	goto	u447
  1138  07B9  0BF1               	decfsz	??_main+1,f
  1139  07BA  2FB7               	goto	u447
  1140  07BB  0BF2               	decfsz	??_main+2,f
  1141  07BC  2FB7               	goto	u447
  1142  07BD  2FBE               	nop2
  1143  07BE                     l973:	
  1144                           
  1145                           ;Anti-Rebote.c: 169:     TRISAbits.TRISA2 = 1 ;
  1146  07BE  1283               	bcf	3,5	;RP0=0, select bank0
  1147  07BF  1303               	bcf	3,6	;RP1=0, select bank0
  1148  07C0  0844               	movf	main@TABLA7SEG+4,w
  1149  07C1  0086               	movwf	6	;volatile
  1150  07C2                     l975:	
  1151                           
  1152                           ;Anti-Rebote.c: 170:     TRISAbits.TRISA3 = 0 ;
  1153  07C2  1489               	bsf	9,1	;volatile
  1154  07C3                     l977:	
  1155                           
  1156                           ;Anti-Rebote.c: 172:     TRISAbits.TRISA5 = 0 ;
  1157  07C3  301A               	movlw	26
  1158  07C4  00F2               	movwf	??_main+2
  1159  07C5  305E               	movlw	94
  1160  07C6  00F1               	movwf	??_main+1
  1161  07C7  306E               	movlw	110
  1162  07C8  00F0               	movwf	??_main
  1163  07C9                     u457:	
  1164  07C9  0BF0               	decfsz	??_main,f
  1165  07CA  2FC9               	goto	u457
  1166  07CB  0BF1               	decfsz	??_main+1,f
  1167  07CC  2FC9               	goto	u457
  1168  07CD  0BF2               	decfsz	??_main+2,f
  1169  07CE  2FC9               	goto	u457
  1170  07CF  0000               	nop
  1171                           
  1172                           ;Anti-Rebote.c: 173: 
  1173  07D0  1283               	bcf	3,5	;RP0=0, select bank0
  1174  07D1  1303               	bcf	3,6	;RP1=0, select bank0
  1175  07D2  0186               	clrf	6	;volatile
  1176                           
  1177                           ;Anti-Rebote.c: 174:     TRISEbits.TRISE0 = 0 ;
  1178  07D3  0189               	clrf	9	;volatile
  1179  07D4                     l68:	
  1180                           ;Anti-Rebote.c: 176: 
  1181                           
  1182                           
  1183                           ;Anti-Rebote.c: 177:     PORTA = 0x00;
  1184  07D4  01E8               	clrf	_ESTADO3
  1185  07D5  2E5A               	goto	l849
  1186  07D6  120A  118A  2800   	ljmp	start
  1187  07D9                     __end_of_main:	
  1188                           
  1189                           	psect	text1
  1190  05D9                     __ptext1:	
  1191 ;; *************** function _config *****************
  1192 ;; Defined at:
  1193 ;;		line 188 in file "Anti-Rebote.c"
  1194 ;; Parameters:    Size  Location     Type
  1195 ;;		None
  1196 ;; Auto vars:     Size  Location     Type
  1197 ;;		None
  1198 ;; Return value:  Size  Location     Type
  1199 ;;                  1    wreg      void 
  1200 ;; Registers used:
  1201 ;;		status,2
  1202 ;; Tracked objects:
  1203 ;;		On entry : 0/0
  1204 ;;		On exit  : 0/0
  1205 ;;		Unchanged: 0/0
  1206 ;; Data sizes:     COMMON   BANK0   BANK1   BANK3   BANK2
  1207 ;;      Params:         0       0       0       0       0
  1208 ;;      Locals:         0       0       0       0       0
  1209 ;;      Temps:          0       0       0       0       0
  1210 ;;      Totals:         0       0       0       0       0
  1211 ;;Total ram usage:        0 bytes
  1212 ;; Hardware stack levels used:    1
  1213 ;; This function calls:
  1214 ;;		Nothing
  1215 ;; This function is called by:
  1216 ;;		_main
  1217 ;; This function uses a non-reentrant model
  1218 ;;
  1219                           
  1220                           
  1221                           ;psect for function _config
  1222  05D9                     _config:	
  1223  05D9                     l823:	
  1224                           ;incstack = 0
  1225                           ; Regs used in _config: [status,2]
  1226                           
  1227  05D9  1683               	bsf	3,5	;RP0=1, select bank3
  1228  05DA  1703               	bsf	3,6	;RP1=1, select bank3
  1229  05DB  0189               	clrf	9	;volatile
  1230  05DC  0188               	clrf	8	;volatile
  1231  05DD  1683               	bsf	3,5	;RP0=1, select bank1
  1232  05DE  1303               	bcf	3,6	;RP1=0, select bank1
  1233  05DF  0186               	clrf	6	;volatile
  1234  05E0  0187               	clrf	7	;volatile
  1235  05E1  0188               	clrf	8	;volatile
  1236  05E2                     l825:	
  1237  05E2  1405               	bsf	5,0	;volatile
  1238  05E3                     l827:	
  1239  05E3  1485               	bsf	5,1	;volatile
  1240  05E4                     l829:	
  1241  05E4  1505               	bsf	5,2	;volatile
  1242  05E5                     l831:	
  1243  05E5  1185               	bcf	5,3	;volatile
  1244  05E6                     l833:	
  1245  05E6  1205               	bcf	5,4	;volatile
  1246  05E7                     l835:	
  1247  05E7  1285               	bcf	5,5	;volatile
  1248  05E8                     l837:	
  1249  05E8  1009               	bcf	9,0	;volatile
  1250  05E9                     l839:	
  1251  05E9  1089               	bcf	9,1	;volatile
  1252  05EA  1283               	bcf	3,5	;RP0=0, select bank0
  1253  05EB  1303               	bcf	3,6	;RP1=0, select bank0
  1254  05EC  0185               	clrf	5	;volatile
  1255  05ED  0186               	clrf	6	;volatile
  1256  05EE  0187               	clrf	7	;volatile
  1257  05EF  0188               	clrf	8	;volatile
  1258  05F0  0189               	clrf	9	;volatile
  1259  05F1                     l75:	
  1260  05F1  0008               	return
  1261  05F2                     __end_of_config:	
  1262  007E                     btemp	set	126	;btemp
  1263  007E                     wtemp0	set	126


Data Sizes:
    Strings     0
    Constant    0
    Data        52
    BSS         8
    Persistent  0
    Stack       0

Auto Spaces:
    Space          Size  Autos    Used
    COMMON           14      4       5
    BANK0            80     52      75
    BANK1            80      0      36
    BANK3            96      0       0
    BANK2            96      0       0

Pointer List with Targets:

    None.

Critical Paths under _main in COMMON

    None.

Critical Paths under _main in BANK0

    None.

Critical Paths under _main in BANK1

    None.

Critical Paths under _main in BANK3

    None.

Critical Paths under _main in BANK2

    None.

Call Graph Tables:

 ---------------------------------------------------------------------------------
 (Depth) Function   	        Calls       Base Space   Used Autos Params    Refs
 ---------------------------------------------------------------------------------
 (0) _main                                                56    56      0     366
                                              0 COMMON     4     4      0
                                              0 BANK0     52    52      0
                             _config
 ---------------------------------------------------------------------------------
 (1) _config                                               0     0      0       0
 ---------------------------------------------------------------------------------
 Estimated maximum stack depth 1
 ---------------------------------------------------------------------------------

 Call Graph Graphs:

 _main (ROOT)
   _config

 Address spaces:
Name               Size   Autos  Total    Cost      Usage
BANK3               60      0       0       9        0.0%
BITBANK3            60      0       0       8        0.0%
SFR3                 0      0       0       4        0.0%
BITSFR3              0      0       0       4        0.0%
BANK2               60      0       0      11        0.0%
BITBANK2            60      0       0      10        0.0%
SFR2                 0      0       0       5        0.0%
BITSFR2              0      0       0       5        0.0%
BANK1               50      0      24       7       45.0%
BITBANK1            50      0       0       6        0.0%
SFR1                 0      0       0       2        0.0%
BITSFR1              0      0       0       2        0.0%
BANK0               50     34      4B       5       93.8%
BITBANK0            50      0       0       4        0.0%
SFR0                 0      0       0       1        0.0%
BITSFR0              0      0       0       1        0.0%
COMMON               E      4       5       1       35.7%
BITCOMMON            E      0       0       0        0.0%
CODE                 0      0       0       0        0.0%
DATA                 0      0      74      12        0.0%
ABS                  0      0      74       3        0.0%
NULL                 0      0       0       0        0.0%
STACK                0      0       0       2        0.0%
EEDATA             100      0       0       0        0.0%


Microchip Technology PIC Macro Assembler V2.10 build 88905656 
Symbol Table                                                                                   Thu Jan 30 11:21:42 2020

                      pc 0002              __CFG_CP$OFF 0000                       l65 0744  
                     l75 05F1                       l68 07D4                       fsr 0004  
                    l901 06EB                      l831 05E5                      l823 05D9  
                    l911 070E                      l903 06F8                      l833 05E6  
                    l825 05E2                      l921 072E                      l913 070F  
                    l905 06FB                      l841 0616                      l835 05E7  
                    l827 05E3                      l931 074D                      l923 0732  
                    l915 071C                      l907 06FD                      l851 0660  
                    l843 061B                      l837 05E8                      l829 05E4  
                    l941 0761                      l933 074F                      l925 0733  
                    l917 0720                      l909 070A                      l861 066E  
                    l853 0662                      l845 0630                      l839 05E9  
                    l951 0779                      l943 0767                      l935 0753  
                    l919 0721                      l927 0745                      l871 06B1  
                    l863 0680                      l855 0666                      l847 0645  
                    l961 079A                      l953 077B                      l945 0770  
                    l937 0753                      l929 0749                      l881 06BF  
                    l865 0692                      l873 06B4                      l857 0666  
                    l849 065A                      l971 07B1                      l963 079E  
                    l955 0788                      l947 0776                      l939 0759  
                    l891 06D7                      l883 06C3                      l867 06AD  
                    l859 066C                      l875 06B5                      l973 07BE  
                    l965 079F                      l957 078B                      l949 0778  
                    l893 06E0                      l885 06C3                      l877 06B9  
                    l869 06B0                      l975 07C2                      l967 07AC  
                    l959 078D                      l895 06E6                      l887 06C9  
                    l879 06BD                      l977 07C3                      l969 07B0  
                    l897 06E8                      l889 06D1                      l899 06E9  
                    u200 06BD                      u201 06BC                      u210 06C9  
                    u211 06C8                      u220 06E6                      u140 0623  
                    u221 06E5                      u230 0749                      u150 0638  
                    u231 0748                      u240 074D                      u160 064D  
                    u241 074C                      u250 0759                      u170 0660  
                    u251 0758                      u307 0699                      u171 065F  
                    u260 0776                      u180 066C                      u261 0775  
                    u317 06A6                      u181 066B                      u190 06B9  
                    u407 076B                      u327 06C1                      u191 06B8  
                    u417 0781                      u337 06DB             __CFG_CPD$OFF 0000  
                    u427 0793                      u347 06F1                      u437 07A5  
                    u357 0703                      u277 0664                      u447 07B7  
                    u367 0715                      u287 0675                      u457 07C9  
                    u377 0727                      u297 0687                      u387 0739  
                    u397 0751                      fsr0 0004                      indf 0000  
           __CFG_LVP$OFF 0000             __CFG_WRT$OFF 0000                     _main 0616  
                   btemp 007E                     start 0000            __CFG_IESO$OFF 0000  
          __CFG_MCLRE$ON 0000                    ?_main 0070            __CFG_WDTE$OFF 0000  
                  _ANSEL 0188                    _PORTA 0005                    _PORTB 0006  
                  _PORTC 0007                    _PORTD 0008                    _PORTE 0009  
                  _TRISB 0086                    _TRISC 0087                    _TRISD 0088  
         __CFG_FCMEN$OFF 0000                    _count 0066           __CFG_BOREN$OFF 0000  
                  pclath 000A                    status 0003                    wtemp0 007E  
        __initialization 07D9             __end_of_main 07D9                   ??_main 0070  
                 _ANSELH 0189                   _ESTADO 006A           __CFG_PWRTE$OFF 0000  
                 _config 05D9                   _count2 0064  __end_of__initialization 07FC  
         __pcstackCOMMON 0070             __pidataBANK0 05B6             __pidataBANK1 05F2  
             __pbssBANK0 0064               __pmaintext 0616                  ?_config 0070  
                _FLAG_ON 0074                  _ESTADO2 0069                  _ESTADO3 0068  
        __size_of_config 0019                  __ptext1 05D9     end_of_initialization 07FC  
              _PORTAbits 0005                _PORTBbits 0006                _PORTCbits 0007  
              _PORTDbits 0008                _PORTEbits 0009                _TRISAbits 0085  
              _TRISEbits 0089           __end_of_config 05F2      start_initialization 07D9  
             init_fetch0 05C6                 ??_config 0070              __pdataBANK0 0054  
            __pdataBANK1 00A0              __pbssCOMMON 0074                ___latbits 0002  
          __pcstackBANK0 0020   __CFG_FOSC$INTRC_CLKOUT 0000                main@F1272 00A0  
              main@F1274 0054                main@F1276 00B4          main@jugador_dos 0030  
        main@jugador_uno 0020        __CFG_BOR4V$BOR40V 0000            __size_of_main 01C3  
               init_ram0 05CA            main@TABLA7SEG 0040  
