

Microchip MPLAB XC8 Assembler V2.10 build 88905656 
                                                                                               Wed Feb 05 13:58:02 2020

Microchip MPLAB XC8 C Compiler v2.10 (Free license) build 20190730164152 Og1 
     1                           	processor	16F887
     2                           	opt	pw 120
     3                           	opt	flic
     4                           	psect	idataCOMMON,global,class=CODE,delta=2
     5                           	psect	idataBANK0,global,class=CODE,delta=2
     6                           	psect	cinit,global,class=CODE,merge=1,delta=2
     7                           	psect	bssCOMMON,global,class=COMMON,space=1,delta=1
     8                           	psect	dataCOMMON,global,class=COMMON,space=1,delta=1
     9                           	psect	dataBANK0,global,class=BANK0,space=1,delta=1
    10                           	psect	inittext,global,class=CODE,delta=2
    11                           	psect	cstackCOMMON,global,class=COMMON,space=1,delta=1
    12                           	psect	maintext,global,class=CODE,split=1,delta=2
    13                           	psect	text1,local,class=CODE,merge=1,delta=2
    14                           	psect	text2,local,class=CODE,merge=1,delta=2
    15                           	psect	text3,local,class=CODE,merge=1,delta=2
    16                           	psect	intentry,global,class=CODE,delta=2
    17                           	psect	text4,local,class=CODE,merge=1,delta=2
    18                           	dabs	1,0x7E,2
    19  0000                     
    20                           ; Version 2.10
    21                           ; Generated 31/07/2019 GMT
    22                           ; 
    23                           ; Copyright © 2019, Microchip Technology Inc. and its subsidiaries ("Microchip")
    24                           ; All rights reserved.
    25                           ; 
    26                           ; This software is developed by Microchip Technology Inc. and its subsidiaries ("Microch
      +                          ip").
    27                           ; 
    28                           ; Redistribution and use in source and binary forms, with or without modification, are
    29                           ; permitted provided that the following conditions are met:
    30                           ; 
    31                           ;     1. Redistributions of source code must retain the above copyright notice, this lis
      +                          t of
    32                           ;        conditions and the following disclaimer.
    33                           ; 
    34                           ;     2. Redistributions in binary form must reproduce the above copyright notice, this 
      +                          list
    35                           ;        of conditions and the following disclaimer in the documentation and/or other
    36                           ;        materials provided with the distribution.
    37                           ; 
    38                           ;     3. Microchip's name may not be used to endorse or promote products derived from th
      +                          is
    39                           ;        software without specific prior written permission.
    40                           ; 
    41                           ; THIS SOFTWARE IS PROVIDED BY MICROCHIP "AS IS" AND ANY EXPRESS OR IMPLIED WARRANTIES,
    42                           ; INCLUDING, BUT NOT LIMITED TO, THE IMPLIED WARRANTIES OF MERCHANTABILITY AND FITNESS F
      +                          OR
    43                           ; PURPOSE ARE DISCLAIMED.  IN NO EVENT SHALL MICROCHIP BE LIABLE FOR ANY DIRECT, INDIREC
      +                          T,
    44                           ; INCIDENTAL, SPECIAL, EXEMPLARY, OR CONSEQUENTIAL DAMAGES (INCLUDING BUT NOT LIMITED TO
    45                           ; PROCUREMENT OF SUBSTITUTE GOODS OR SERVICES; LOSS OF USE, DATA OR PROFITS; OR BUSINESS
    46                           ; INTERRUPTION) HOWSOEVER CAUSED AND ON ANY THEORY OF LIABILITY, WHETHER IN CONTRACT, ST
      +                          RICT
    47                           ; LIABILITY, OR TORT (INCLUDING NEGLIGENCE OR OTHERWISE) ARISING IN ANY WAY OUT OF THE U
      +                          SE OF
    48                           ; THIS SOFTWARE, EVEN IF ADVISED OF THE POSSIBILITY OF SUCH DAMAGE.
    49                           ; 
    50                           ; 
    51                           ; Code-generator required, PIC16F887 Definitions
    52                           ; 
    53                           ; SFR Addresses
    54  0000                     	;# 
    55  0001                     	;# 
    56  0002                     	;# 
    57  0003                     	;# 
    58  0004                     	;# 
    59  0005                     	;# 
    60  0006                     	;# 
    61  0007                     	;# 
    62  0008                     	;# 
    63  0009                     	;# 
    64  000A                     	;# 
    65  000B                     	;# 
    66  000C                     	;# 
    67  000D                     	;# 
    68  000E                     	;# 
    69  000E                     	;# 
    70  000F                     	;# 
    71  0010                     	;# 
    72  0011                     	;# 
    73  0012                     	;# 
    74  0013                     	;# 
    75  0014                     	;# 
    76  0015                     	;# 
    77  0015                     	;# 
    78  0016                     	;# 
    79  0017                     	;# 
    80  0018                     	;# 
    81  0019                     	;# 
    82  001A                     	;# 
    83  001B                     	;# 
    84  001B                     	;# 
    85  001C                     	;# 
    86  001D                     	;# 
    87  001E                     	;# 
    88  001F                     	;# 
    89  0081                     	;# 
    90  0085                     	;# 
    91  0086                     	;# 
    92  0087                     	;# 
    93  0088                     	;# 
    94  0089                     	;# 
    95  008C                     	;# 
    96  008D                     	;# 
    97  008E                     	;# 
    98  008F                     	;# 
    99  0090                     	;# 
   100  0091                     	;# 
   101  0092                     	;# 
   102  0093                     	;# 
   103  0093                     	;# 
   104  0093                     	;# 
   105  0094                     	;# 
   106  0095                     	;# 
   107  0096                     	;# 
   108  0097                     	;# 
   109  0098                     	;# 
   110  0099                     	;# 
   111  009A                     	;# 
   112  009B                     	;# 
   113  009C                     	;# 
   114  009D                     	;# 
   115  009E                     	;# 
   116  009F                     	;# 
   117  0105                     	;# 
   118  0107                     	;# 
   119  0108                     	;# 
   120  0109                     	;# 
   121  010C                     	;# 
   122  010C                     	;# 
   123  010D                     	;# 
   124  010E                     	;# 
   125  010F                     	;# 
   126  0185                     	;# 
   127  0187                     	;# 
   128  0188                     	;# 
   129  0189                     	;# 
   130  018C                     	;# 
   131  018D                     	;# 
   132  0000                     	;# 
   133  0001                     	;# 
   134  0002                     	;# 
   135  0003                     	;# 
   136  0004                     	;# 
   137  0005                     	;# 
   138  0006                     	;# 
   139  0007                     	;# 
   140  0008                     	;# 
   141  0009                     	;# 
   142  000A                     	;# 
   143  000B                     	;# 
   144  000C                     	;# 
   145  000D                     	;# 
   146  000E                     	;# 
   147  000E                     	;# 
   148  000F                     	;# 
   149  0010                     	;# 
   150  0011                     	;# 
   151  0012                     	;# 
   152  0013                     	;# 
   153  0014                     	;# 
   154  0015                     	;# 
   155  0015                     	;# 
   156  0016                     	;# 
   157  0017                     	;# 
   158  0018                     	;# 
   159  0019                     	;# 
   160  001A                     	;# 
   161  001B                     	;# 
   162  001B                     	;# 
   163  001C                     	;# 
   164  001D                     	;# 
   165  001E                     	;# 
   166  001F                     	;# 
   167  0081                     	;# 
   168  0085                     	;# 
   169  0086                     	;# 
   170  0087                     	;# 
   171  0088                     	;# 
   172  0089                     	;# 
   173  008C                     	;# 
   174  008D                     	;# 
   175  008E                     	;# 
   176  008F                     	;# 
   177  0090                     	;# 
   178  0091                     	;# 
   179  0092                     	;# 
   180  0093                     	;# 
   181  0093                     	;# 
   182  0093                     	;# 
   183  0094                     	;# 
   184  0095                     	;# 
   185  0096                     	;# 
   186  0097                     	;# 
   187  0098                     	;# 
   188  0099                     	;# 
   189  009A                     	;# 
   190  009B                     	;# 
   191  009C                     	;# 
   192  009D                     	;# 
   193  009E                     	;# 
   194  009F                     	;# 
   195  0105                     	;# 
   196  0107                     	;# 
   197  0108                     	;# 
   198  0109                     	;# 
   199  010C                     	;# 
   200  010C                     	;# 
   201  010D                     	;# 
   202  010E                     	;# 
   203  010F                     	;# 
   204  0185                     	;# 
   205  0187                     	;# 
   206  0188                     	;# 
   207  0189                     	;# 
   208  018C                     	;# 
   209  018D                     	;# 
   210  0000                     	;# 
   211  0001                     	;# 
   212  0002                     	;# 
   213  0003                     	;# 
   214  0004                     	;# 
   215  0005                     	;# 
   216  0006                     	;# 
   217  0007                     	;# 
   218  0008                     	;# 
   219  0009                     	;# 
   220  000A                     	;# 
   221  000B                     	;# 
   222  000C                     	;# 
   223  000D                     	;# 
   224  000E                     	;# 
   225  000E                     	;# 
   226  000F                     	;# 
   227  0010                     	;# 
   228  0011                     	;# 
   229  0012                     	;# 
   230  0013                     	;# 
   231  0014                     	;# 
   232  0015                     	;# 
   233  0015                     	;# 
   234  0016                     	;# 
   235  0017                     	;# 
   236  0018                     	;# 
   237  0019                     	;# 
   238  001A                     	;# 
   239  001B                     	;# 
   240  001B                     	;# 
   241  001C                     	;# 
   242  001D                     	;# 
   243  001E                     	;# 
   244  001F                     	;# 
   245  0081                     	;# 
   246  0085                     	;# 
   247  0086                     	;# 
   248  0087                     	;# 
   249  0088                     	;# 
   250  0089                     	;# 
   251  008C                     	;# 
   252  008D                     	;# 
   253  008E                     	;# 
   254  008F                     	;# 
   255  0090                     	;# 
   256  0091                     	;# 
   257  0092                     	;# 
   258  0093                     	;# 
   259  0093                     	;# 
   260  0093                     	;# 
   261  0094                     	;# 
   262  0095                     	;# 
   263  0096                     	;# 
   264  0097                     	;# 
   265  0098                     	;# 
   266  0099                     	;# 
   267  009A                     	;# 
   268  009B                     	;# 
   269  009C                     	;# 
   270  009D                     	;# 
   271  009E                     	;# 
   272  009F                     	;# 
   273  0105                     	;# 
   274  0107                     	;# 
   275  0108                     	;# 
   276  0109                     	;# 
   277  010C                     	;# 
   278  010C                     	;# 
   279  010D                     	;# 
   280  010E                     	;# 
   281  010F                     	;# 
   282  0185                     	;# 
   283  0187                     	;# 
   284  0188                     	;# 
   285  0189                     	;# 
   286  018C                     	;# 
   287  018D                     	;# 
   288  0000                     	;# 
   289  0001                     	;# 
   290  0002                     	;# 
   291  0003                     	;# 
   292  0004                     	;# 
   293  0005                     	;# 
   294  0006                     	;# 
   295  0007                     	;# 
   296  0008                     	;# 
   297  0009                     	;# 
   298  000A                     	;# 
   299  000B                     	;# 
   300  000C                     	;# 
   301  000D                     	;# 
   302  000E                     	;# 
   303  000E                     	;# 
   304  000F                     	;# 
   305  0010                     	;# 
   306  0011                     	;# 
   307  0012                     	;# 
   308  0013                     	;# 
   309  0014                     	;# 
   310  0015                     	;# 
   311  0015                     	;# 
   312  0016                     	;# 
   313  0017                     	;# 
   314  0018                     	;# 
   315  0019                     	;# 
   316  001A                     	;# 
   317  001B                     	;# 
   318  001B                     	;# 
   319  001C                     	;# 
   320  001D                     	;# 
   321  001E                     	;# 
   322  001F                     	;# 
   323  0081                     	;# 
   324  0085                     	;# 
   325  0086                     	;# 
   326  0087                     	;# 
   327  0088                     	;# 
   328  0089                     	;# 
   329  008C                     	;# 
   330  008D                     	;# 
   331  008E                     	;# 
   332  008F                     	;# 
   333  0090                     	;# 
   334  0091                     	;# 
   335  0092                     	;# 
   336  0093                     	;# 
   337  0093                     	;# 
   338  0093                     	;# 
   339  0094                     	;# 
   340  0095                     	;# 
   341  0096                     	;# 
   342  0097                     	;# 
   343  0098                     	;# 
   344  0099                     	;# 
   345  009A                     	;# 
   346  009B                     	;# 
   347  009C                     	;# 
   348  009D                     	;# 
   349  009E                     	;# 
   350  009F                     	;# 
   351  0105                     	;# 
   352  0107                     	;# 
   353  0108                     	;# 
   354  0109                     	;# 
   355  010C                     	;# 
   356  010C                     	;# 
   357  010D                     	;# 
   358  010E                     	;# 
   359  010F                     	;# 
   360  0185                     	;# 
   361  0187                     	;# 
   362  0188                     	;# 
   363  0189                     	;# 
   364  018C                     	;# 
   365  018D                     	;# 
   366                           
   367                           	psect	idataCOMMON
   368  0117                     __pidataCOMMON:	
   369                           
   370                           ;initializer for _ADC_nibble_uni
   371  0117  340F               	retlw	15
   372                           
   373                           	psect	idataBANK0
   374  008B                     __pidataBANK0:	
   375                           
   376                           ;initializer for _DISPLAY
   377  008B  347E               	retlw	126
   378  008C  3400               	retlw	0
   379  008D  3430               	retlw	48
   380  008E  3400               	retlw	0
   381  008F  346D               	retlw	109
   382  0090  3400               	retlw	0
   383  0091  3479               	retlw	121
   384  0092  3400               	retlw	0
   385  0093  3433               	retlw	51
   386  0094  3400               	retlw	0
   387  0095  345B               	retlw	91
   388  0096  3400               	retlw	0
   389  0097  345F               	retlw	95
   390  0098  3400               	retlw	0
   391  0099  3470               	retlw	112
   392  009A  3400               	retlw	0
   393  009B  347F               	retlw	127
   394  009C  3400               	retlw	0
   395  009D  347B               	retlw	123
   396  009E  3400               	retlw	0
   397  009F  3477               	retlw	119
   398  00A0  3400               	retlw	0
   399  00A1  341F               	retlw	31
   400  00A2  3400               	retlw	0
   401  00A3  344E               	retlw	78
   402  00A4  3400               	retlw	0
   403  00A5  343D               	retlw	61
   404  00A6  3400               	retlw	0
   405  00A7  344F               	retlw	79
   406  00A8  3400               	retlw	0
   407  00A9  34C7               	retlw	199
   408  00AA  3400               	retlw	0
   409  0009                     _PORTE	set	9
   410  0006                     _PORTB	set	6
   411  0005                     _PORTA	set	5
   412  000C                     _PIR1bits	set	12
   413  0007                     _PORTC	set	7
   414  0009                     _PORTEbits	set	9
   415  001F                     _ADCON0bits	set	31
   416  000B                     _INTCONbits	set	11
   417  0008                     _PORTD	set	8
   418  0006                     _PORTBbits	set	6
   419  001E                     _ADRESH	set	30
   420  0058                     _RBIF	set	88
   421  0066                     _ADIF	set	102
   422  008C                     _PIE1bits	set	140
   423  009F                     _ADCON1bits	set	159
   424  0085                     _TRISAbits	set	133
   425  0096                     _IOCBbits	set	150
   426  0081                     _OPTION_REGbits	set	129
   427  0086                     _TRISBbits	set	134
   428  0089                     _TRISEbits	set	137
   429  0088                     _TRISD	set	136
   430  0087                     _TRISC	set	135
   431  0188                     _ANSELbits	set	392
   432  0189                     _ANSELH	set	393
   433                           
   434                           ; #config settings
   435  0000                     
   436                           	psect	cinit
   437  0011                     start_initialization:	
   438  0011                     __initialization:	
   439                           
   440                           ; Initialize objects allocated to BANK0
   441  0011  1383               	bcf	3,7	;select IRP bank0
   442  0012  3040               	movlw	low (__pdataBANK0+32)
   443  0013  00FD               	movwf	btemp+-1
   444  0014  3000               	movlw	high __pidataBANK0
   445  0015  00FE               	movwf	btemp
   446  0016  308B               	movlw	low __pidataBANK0
   447  0017  00FF               	movwf	btemp+1
   448  0018  3020               	movlw	low __pdataBANK0
   449  0019  0084               	movwf	4
   450  001A  120A  118A  2108  120A  118A  	fcall	init_ram0
   451                           
   452                           ; Initialize objects allocated to COMMON
   453  001F  120A  118A  2117  120A  118A  	fcall	__pidataCOMMON	;fetch initializer
   454  0024  00F9               	movwf	__pdataCOMMON& (0+127)
   455                           
   456                           ; Clear objects allocated to COMMON
   457  0025  01F7               	clrf	__pbssCOMMON& (0+127)
   458  0026  01F8               	clrf	(__pbssCOMMON+1)& (0+127)
   459  0027                     end_of_initialization:	
   460                           ;End of C runtime variable initialization code
   461                           
   462  0027                     __end_of__initialization:	
   463  0027  0183               	clrf	3
   464  0028  120A  118A  28AB   	ljmp	_main	;jump to C main() function
   465                           
   466                           	psect	bssCOMMON
   467  0077                     __pbssCOMMON:	
   468  0077                     _resultado_ADC_dec:	
   469  0077                     	ds	1
   470  0078                     _resultado_ADC_uni:	
   471  0078                     	ds	1
   472                           
   473                           	psect	dataCOMMON
   474  0079                     __pdataCOMMON:	
   475  0079                     _ADC_nibble_uni:	
   476  0079                     	ds	1
   477                           
   478                           	psect	dataBANK0
   479  0020                     __pdataBANK0:	
   480  0020                     _DISPLAY:	
   481  0020                     	ds	32
   482                           
   483                           	psect	inittext
   484  0104                     init_fetch0:	
   485                           ;	Called with low address in FSR and high address in W
   486                           
   487  0104  087E               	movf	btemp,w
   488  0105  008A               	movwf	10
   489  0106  087F               	movf	btemp+1,w
   490  0107  0082               	movwf	2
   491  0108                     init_ram0:	
   492                           ;Called with:
   493                           ;	high address of idata address in btemp 
   494                           ;	low address of idata address in btemp+1 
   495                           ;	low address of data in FSR
   496                           ;	high address + 1 of data in btemp-1
   497                           
   498  0108  120A  118A  2104  120A  118A  	fcall	init_fetch0
   499  010D  0080               	movwf	0
   500  010E  0A84               	incf	4,f
   501  010F  0804               	movf	4,w
   502  0110  067D               	xorwf	btemp+-1,w
   503  0111  1903               	btfsc	3,2
   504  0112  3400               	retlw	0
   505  0113  0AFF               	incf	btemp+1,f
   506  0114  1903               	btfsc	3,2
   507  0115  0AFE               	incf	btemp,f
   508  0116  2908               	goto	init_ram0
   509                           
   510                           	psect	cstackCOMMON
   511  0070                     __pcstackCOMMON:	
   512  0070                     ?_Show_7SEG:	
   513  0070                     ??_Show_7SEG:	
   514                           ; 1 bytes @ 0x0
   515                           
   516  0070                     ?_config:	
   517                           ; 1 bytes @ 0x0
   518                           
   519  0070                     ?_config_ADC:	
   520                           ; 1 bytes @ 0x0
   521                           
   522  0070                     ?_ISR:	
   523                           ; 1 bytes @ 0x0
   524                           
   525  0070                     ?_main:	
   526                           ; 1 bytes @ 0x0
   527                           
   528                           
   529                           ; 1 bytes @ 0x0
   530  0070                     	ds	1
   531  0071                     ??_ISR:	
   532                           
   533                           ; 1 bytes @ 0x1
   534  0071                     	ds	5
   535  0076                     ??_config:	
   536  0076                     ??_config_ADC:	
   537                           ; 1 bytes @ 0x6
   538                           
   539  0076                     ??_main:	
   540                           ; 1 bytes @ 0x6
   541                           
   542                           
   543                           ; 1 bytes @ 0x6
   544  0076                     	ds	1
   545                           
   546                           	psect	maintext
   547  00AB                     __pmaintext:	
   548 ;;
   549 ;;Main: autosize = 0, tempsize = 1, incstack = 0, save=0
   550 ;;
   551 ;; *************** function _main *****************
   552 ;; Defined at:
   553 ;;		line 74 in file "LAB2_cas17169.c"
   554 ;; Parameters:    Size  Location     Type
   555 ;;		None
   556 ;; Auto vars:     Size  Location     Type
   557 ;;		None
   558 ;; Return value:  Size  Location     Type
   559 ;;                  1    wreg      void 
   560 ;; Registers used:
   561 ;;		wreg, status,2, status,0, pclath, cstack
   562 ;; Tracked objects:
   563 ;;		On entry : B00/0
   564 ;;		On exit  : 0/0
   565 ;;		Unchanged: 0/0
   566 ;; Data sizes:     COMMON   BANK0   BANK1   BANK3   BANK2
   567 ;;      Params:         0       0       0       0       0
   568 ;;      Locals:         0       0       0       0       0
   569 ;;      Temps:          1       0       0       0       0
   570 ;;      Totals:         1       0       0       0       0
   571 ;;Total ram usage:        1 bytes
   572 ;; Hardware stack levels required when called:    3
   573 ;; This function calls:
   574 ;;		_config
   575 ;;		_config_ADC
   576 ;; This function is called by:
   577 ;;		Startup code after reset
   578 ;; This function uses a non-reentrant model
   579 ;;
   580                           
   581                           
   582                           ;psect for function _main
   583  00AB                     _main:	
   584  00AB                     l811:	
   585                           ;incstack = 0
   586                           ; Regs used in _main: [wreg+status,2+status,0+pclath+cstack]
   587                           
   588  00AB  120A  118A  20E8  120A  118A  	fcall	_config
   589  00B0  120A  118A  2069  120A  118A  	fcall	_config_ADC
   590  00B5                     l813:	
   591  00B5  3006               	movlw	6
   592  00B6  00F6               	movwf	??_main
   593  00B7                     u77:	
   594  00B7  0BF6               	decfsz	??_main,f
   595  00B8  28B7               	goto	u77
   596  00B9  0000               	nop
   597  00BA                     l815:	
   598  00BA  1283               	bcf	3,5	;RP0=0, select bank0
   599  00BB  1303               	bcf	3,6	;RP1=0, select bank0
   600  00BC  149F               	bsf	31,1	;volatile
   601  00BD                     l817:	
   602  00BD  081E               	movf	30,w	;volatile
   603  00BE  0208               	subwf	8,w	;volatile
   604  00BF  1803               	skipnc
   605  00C0  28C2               	goto	u61
   606  00C1  28C3               	goto	u60
   607  00C2                     u61:	
   608  00C2  28C5               	goto	l71
   609  00C3                     u60:	
   610  00C3                     l819:	
   611  00C3  1409               	bsf	9,0	;volatile
   612  00C4  28B5               	goto	l813
   613  00C5                     l71:	
   614  00C5  1009               	bcf	9,0	;volatile
   615  00C6  28B5               	goto	l813
   616  00C7  120A  118A  280E   	ljmp	start
   617  00CA                     __end_of_main:	
   618                           
   619                           	psect	text1
   620  0069                     __ptext1:	
   621 ;; *************** function _config_ADC *****************
   622 ;; Defined at:
   623 ;;		line 15 in file "ADC_Library.c"
   624 ;; Parameters:    Size  Location     Type
   625 ;;		None
   626 ;; Auto vars:     Size  Location     Type
   627 ;;		None
   628 ;; Return value:  Size  Location     Type
   629 ;;                  1    wreg      void 
   630 ;; Registers used:
   631 ;;		status,2
   632 ;; Tracked objects:
   633 ;;		On entry : 0/0
   634 ;;		On exit  : 0/0
   635 ;;		Unchanged: 0/0
   636 ;; Data sizes:     COMMON   BANK0   BANK1   BANK3   BANK2
   637 ;;      Params:         0       0       0       0       0
   638 ;;      Locals:         0       0       0       0       0
   639 ;;      Temps:          0       0       0       0       0
   640 ;;      Totals:         0       0       0       0       0
   641 ;;Total ram usage:        0 bytes
   642 ;; Hardware stack levels used:    1
   643 ;; Hardware stack levels required when called:    2
   644 ;; This function calls:
   645 ;;		Nothing
   646 ;; This function is called by:
   647 ;;		_main
   648 ;; This function uses a non-reentrant model
   649 ;;
   650                           
   651                           
   652                           ;psect for function _config_ADC
   653  0069                     _config_ADC:	
   654  0069                     l755:	
   655                           ;incstack = 0
   656                           ; Regs used in _config_ADC: [status,2]
   657                           
   658                           
   659                           ;ADC_Library.c: 16:     ADCON0bits.ADON = 1;
   660  0069  1283               	bcf	3,5	;RP0=0, select bank0
   661  006A  1303               	bcf	3,6	;RP1=0, select bank0
   662  006B  141F               	bsf	31,0	;volatile
   663  006C                     l757:	
   664                           
   665                           ;ADC_Library.c: 18:     ANSELH = 0;
   666  006C  1683               	bsf	3,5	;RP0=1, select bank3
   667  006D  1703               	bsf	3,6	;RP1=1, select bank3
   668  006E  0189               	clrf	9	;volatile
   669  006F                     l759:	
   670                           
   671                           ;ADC_Library.c: 19:     ANSELbits.ANS0 = 1;
   672  006F  1408               	bsf	8,0	;volatile
   673  0070                     l761:	
   674                           
   675                           ;ADC_Library.c: 20:     TRISAbits.TRISA0 = 1;
   676  0070  1683               	bsf	3,5	;RP0=1, select bank1
   677  0071  1303               	bcf	3,6	;RP1=0, select bank1
   678  0072  1405               	bsf	5,0	;volatile
   679  0073                     l763:	
   680                           
   681                           ;ADC_Library.c: 22:     ADCON0bits.CHS0 = 0;
   682  0073  1283               	bcf	3,5	;RP0=0, select bank0
   683  0074  1303               	bcf	3,6	;RP1=0, select bank0
   684  0075  111F               	bcf	31,2	;volatile
   685  0076                     l765:	
   686                           
   687                           ;ADC_Library.c: 23:     ADCON0bits.CHS0 = 0;
   688  0076  111F               	bcf	31,2	;volatile
   689  0077                     l767:	
   690                           
   691                           ;ADC_Library.c: 24:     ADCON0bits.CHS0 = 0;
   692  0077  111F               	bcf	31,2	;volatile
   693  0078                     l769:	
   694                           
   695                           ;ADC_Library.c: 25:     ADCON0bits.CHS0 = 0;
   696  0078  111F               	bcf	31,2	;volatile
   697  0079                     l771:	
   698                           
   699                           ;ADC_Library.c: 27:     ADCON1bits.ADFM = 0;
   700  0079  1683               	bsf	3,5	;RP0=1, select bank1
   701  007A  1303               	bcf	3,6	;RP1=0, select bank1
   702  007B  139F               	bcf	31,7	;volatile
   703  007C                     l773:	
   704                           
   705                           ;ADC_Library.c: 28:     ADCON1bits.VCFG0 = 0;
   706  007C  121F               	bcf	31,4	;volatile
   707  007D                     l775:	
   708                           
   709                           ;ADC_Library.c: 29:     ADCON1bits.VCFG1 = 0;
   710  007D  129F               	bcf	31,5	;volatile
   711  007E                     l777:	
   712                           
   713                           ;ADC_Library.c: 31:     ADCON0bits.ADCS1 = 1;
   714  007E  1283               	bcf	3,5	;RP0=0, select bank0
   715  007F  1303               	bcf	3,6	;RP1=0, select bank0
   716  0080  179F               	bsf	31,7	;volatile
   717  0081                     l779:	
   718                           
   719                           ;ADC_Library.c: 32:     ADCON0bits.ADCS0 = 0;
   720  0081  131F               	bcf	31,6	;volatile
   721  0082                     l781:	
   722                           
   723                           ;ADC_Library.c: 35:     INTCONbits.GIE = 1;
   724  0082  178B               	bsf	11,7	;volatile
   725  0083                     l783:	
   726                           
   727                           ;ADC_Library.c: 36:     INTCONbits.PEIE = 1;
   728  0083  170B               	bsf	11,6	;volatile
   729  0084                     l785:	
   730                           
   731                           ;ADC_Library.c: 37:     PIE1bits.ADIE = 1;
   732  0084  1683               	bsf	3,5	;RP0=1, select bank1
   733  0085  1303               	bcf	3,6	;RP1=0, select bank1
   734  0086  170C               	bsf	12,6	;volatile
   735  0087                     l787:	
   736                           
   737                           ;ADC_Library.c: 38:     PIR1bits.ADIF = 0;
   738  0087  1283               	bcf	3,5	;RP0=0, select bank0
   739  0088  1303               	bcf	3,6	;RP1=0, select bank0
   740  0089  130C               	bcf	12,6	;volatile
   741  008A                     l100:	
   742  008A  0008               	return
   743  008B                     __end_of_config_ADC:	
   744                           
   745                           	psect	text2
   746  00E8                     __ptext2:	
   747 ;; *************** function _config *****************
   748 ;; Defined at:
   749 ;;		line 127 in file "LAB2_cas17169.c"
   750 ;; Parameters:    Size  Location     Type
   751 ;;		None
   752 ;; Auto vars:     Size  Location     Type
   753 ;;		None
   754 ;; Return value:  Size  Location     Type
   755 ;;                  1    wreg      void 
   756 ;; Registers used:
   757 ;;		status,2
   758 ;; Tracked objects:
   759 ;;		On entry : 0/0
   760 ;;		On exit  : 0/0
   761 ;;		Unchanged: 0/0
   762 ;; Data sizes:     COMMON   BANK0   BANK1   BANK3   BANK2
   763 ;;      Params:         0       0       0       0       0
   764 ;;      Locals:         0       0       0       0       0
   765 ;;      Temps:          0       0       0       0       0
   766 ;;      Totals:         0       0       0       0       0
   767 ;;Total ram usage:        0 bytes
   768 ;; Hardware stack levels used:    1
   769 ;; Hardware stack levels required when called:    2
   770 ;; This function calls:
   771 ;;		Nothing
   772 ;; This function is called by:
   773 ;;		_main
   774 ;; This function uses a non-reentrant model
   775 ;;
   776                           
   777                           
   778                           ;psect for function _config
   779  00E8                     _config:	
   780  00E8                     l731:	
   781                           ;incstack = 0
   782                           ; Regs used in _config: [status,2]
   783                           
   784                           
   785                           ;LAB2_cas17169.c: 129:     TRISC = 0x00;
   786  00E8  1683               	bsf	3,5	;RP0=1, select bank1
   787  00E9  1303               	bcf	3,6	;RP1=0, select bank1
   788  00EA  0187               	clrf	7	;volatile
   789                           
   790                           ;LAB2_cas17169.c: 130:     TRISD = 0x00;
   791  00EB  0188               	clrf	8	;volatile
   792  00EC                     l733:	
   793                           
   794                           ;LAB2_cas17169.c: 131:     TRISEbits.TRISE0 = 0;
   795  00EC  1009               	bcf	9,0	;volatile
   796  00ED                     l735:	
   797                           
   798                           ;LAB2_cas17169.c: 132:     TRISEbits.TRISE1 = 0;
   799  00ED  1089               	bcf	9,1	;volatile
   800  00EE                     l737:	
   801                           
   802                           ;LAB2_cas17169.c: 133:     TRISEbits.TRISE2 = 0;
   803  00EE  1109               	bcf	9,2	;volatile
   804                           
   805                           ;LAB2_cas17169.c: 137:     ANSELH = 0;
   806  00EF  1683               	bsf	3,5	;RP0=1, select bank3
   807  00F0  1703               	bsf	3,6	;RP1=1, select bank3
   808  00F1  0189               	clrf	9	;volatile
   809  00F2                     l739:	
   810                           
   811                           ;LAB2_cas17169.c: 138:     INTCONbits.GIE = 1;
   812  00F2  178B               	bsf	11,7	;volatile
   813  00F3                     l741:	
   814                           
   815                           ;LAB2_cas17169.c: 140:     INTCONbits.RBIF = 0 ;
   816  00F3  100B               	bcf	11,0	;volatile
   817  00F4                     l743:	
   818                           
   819                           ;LAB2_cas17169.c: 141:     TRISBbits.TRISB7 = 1 ;
   820  00F4  1683               	bsf	3,5	;RP0=1, select bank1
   821  00F5  1303               	bcf	3,6	;RP1=0, select bank1
   822  00F6  1786               	bsf	6,7	;volatile
   823  00F7                     l745:	
   824                           
   825                           ;LAB2_cas17169.c: 142:     TRISBbits.TRISB5 = 1 ;
   826  00F7  1686               	bsf	6,5	;volatile
   827  00F8                     l747:	
   828                           
   829                           ;LAB2_cas17169.c: 144:     OPTION_REGbits.nRBPU = 0;
   830  00F8  1381               	bcf	1,7	;volatile
   831  00F9                     l749:	
   832                           
   833                           ;LAB2_cas17169.c: 147:     INTCONbits.RBIE = 1;
   834  00F9  158B               	bsf	11,3	;volatile
   835  00FA                     l751:	
   836                           
   837                           ;LAB2_cas17169.c: 149:     IOCBbits.IOCB7 = 1;
   838  00FA  1796               	bsf	22,7	;volatile
   839  00FB                     l753:	
   840                           
   841                           ;LAB2_cas17169.c: 150:     IOCBbits.IOCB5 = 1;
   842  00FB  1696               	bsf	22,5	;volatile
   843                           
   844                           ;LAB2_cas17169.c: 154:     PORTA = 0x00;
   845  00FC  1283               	bcf	3,5	;RP0=0, select bank0
   846  00FD  1303               	bcf	3,6	;RP1=0, select bank0
   847  00FE  0185               	clrf	5	;volatile
   848                           
   849                           ;LAB2_cas17169.c: 155:     PORTB = 0x00;
   850  00FF  0186               	clrf	6	;volatile
   851                           
   852                           ;LAB2_cas17169.c: 156:     PORTC = 0x00;
   853  0100  0187               	clrf	7	;volatile
   854                           
   855                           ;LAB2_cas17169.c: 157:     PORTD = 0x00;
   856  0101  0188               	clrf	8	;volatile
   857                           
   858                           ;LAB2_cas17169.c: 158:     PORTE = 0x00;
   859  0102  0189               	clrf	9	;volatile
   860  0103                     l81:	
   861  0103  0008               	return
   862  0104                     __end_of_config:	
   863                           
   864                           	psect	text3
   865  002B                     __ptext3:	
   866 ;; *************** function _ISR *****************
   867 ;; Defined at:
   868 ;;		line 44 in file "LAB2_cas17169.c"
   869 ;; Parameters:    Size  Location     Type
   870 ;;		None
   871 ;; Auto vars:     Size  Location     Type
   872 ;;		None
   873 ;; Return value:  Size  Location     Type
   874 ;;                  1    wreg      void 
   875 ;; Registers used:
   876 ;;		wreg, fsr0l, fsr0h, status,2, status,0, pclath, cstack
   877 ;; Tracked objects:
   878 ;;		On entry : 0/0
   879 ;;		On exit  : 0/0
   880 ;;		Unchanged: 0/0
   881 ;; Data sizes:     COMMON   BANK0   BANK1   BANK3   BANK2
   882 ;;      Params:         0       0       0       0       0
   883 ;;      Locals:         0       0       0       0       0
   884 ;;      Temps:          5       0       0       0       0
   885 ;;      Totals:         5       0       0       0       0
   886 ;;Total ram usage:        5 bytes
   887 ;; Hardware stack levels used:    1
   888 ;; Hardware stack levels required when called:    1
   889 ;; This function calls:
   890 ;;		_Show_7SEG
   891 ;; This function is called by:
   892 ;;		Interrupt level 1
   893 ;; This function uses a non-reentrant model
   894 ;;
   895                           
   896                           
   897                           ;psect for function _ISR
   898  002B                     _ISR:	
   899  002B                     i1l789:	
   900                           
   901                           ;LAB2_cas17169.c: 45:     config_ADC ();
   902  002B  1283               	bcf	3,5	;RP0=0, select bank0
   903  002C  1303               	bcf	3,6	;RP1=0, select bank0
   904  002D  1F0C               	btfss	12,6	;volatile
   905  002E  2830               	goto	u1_21
   906  002F  2831               	goto	u1_20
   907  0030                     u1_21:	
   908  0030  2847               	goto	i1l795
   909  0031                     u1_20:	
   910  0031                     i1l791:	
   911                           
   912                           ;LAB2_cas17169.c: 46: 
   913  0031  081E               	movf	30,w	;volatile
   914  0032  00F1               	movwf	??_ISR
   915  0033  3004               	movlw	4
   916  0034                     u2_25:	
   917  0034  1003               	clrc
   918  0035  0CF1               	rrf	??_ISR,f
   919  0036  3EFF               	addlw	-1
   920  0037  1D03               	skipz
   921  0038  2834               	goto	u2_25
   922  0039  0871               	movf	??_ISR,w
   923  003A  00F2               	movwf	??_ISR+1
   924  003B  0872               	movf	??_ISR+1,w
   925  003C  00F7               	movwf	_resultado_ADC_dec
   926                           
   927                           ;LAB2_cas17169.c: 47:     while(1){
   928  003D  081E               	movf	30,w	;volatile
   929  003E  0579               	andwf	_ADC_nibble_uni,w
   930  003F  00F1               	movwf	??_ISR
   931  0040  0871               	movf	??_ISR,w
   932  0041  00F8               	movwf	_resultado_ADC_uni
   933  0042                     i1l793:	
   934                           
   935                           ;LAB2_cas17169.c: 50: 
   936  0042  120A  118A  20CA  120A  118A  	fcall	_Show_7SEG
   937  0047                     i1l795:	
   938                           
   939                           ;LAB2_cas17169.c: 53:         PORTEbits.RE0 = 1;
   940  0047  1C0B               	btfss	11,0	;volatile
   941  0048  284A               	goto	u3_21
   942  0049  284B               	goto	u3_20
   943  004A                     u3_21:	
   944  004A  2860               	goto	i1l65
   945  004B                     u3_20:	
   946  004B                     i1l797:	
   947                           
   948                           ;LAB2_cas17169.c: 54:     }
   949  004B  1283               	bcf	3,5	;RP0=0, select bank0
   950  004C  1303               	bcf	3,6	;RP1=0, select bank0
   951  004D  1A86               	btfsc	6,5	;volatile
   952  004E  2850               	goto	u4_21
   953  004F  2851               	goto	u4_20
   954  0050                     u4_21:	
   955  0050  2857               	goto	i1l803
   956  0051                     u4_20:	
   957  0051                     i1l799:	
   958                           
   959                           ;LAB2_cas17169.c: 55:     else{
   960  0051  0808               	movf	8,w	;volatile
   961  0052  0088               	movwf	8	;volatile
   962  0053                     i1l801:	
   963  0053  3001               	movlw	1
   964  0054  00F1               	movwf	??_ISR
   965  0055  0871               	movf	??_ISR,w
   966  0056  0788               	addwf	8,f	;volatile
   967  0057                     i1l803:	
   968                           
   969                           ;LAB2_cas17169.c: 57:         }
   970  0057  1B86               	btfsc	6,7	;volatile
   971  0058  285A               	goto	u5_21
   972  0059  285B               	goto	u5_20
   973  005A                     u5_21:	
   974  005A  285F               	goto	i1l809
   975  005B                     u5_20:	
   976  005B                     i1l805:	
   977                           
   978                           ;LAB2_cas17169.c: 58: 
   979  005B  0808               	movf	8,w	;volatile
   980  005C  0088               	movwf	8	;volatile
   981  005D                     i1l807:	
   982  005D  3001               	movlw	1
   983  005E  0288               	subwf	8,f	;volatile
   984  005F                     i1l809:	
   985                           
   986                           ;LAB2_cas17169.c: 60: 
   987  005F  100B               	bcf	11,0	;volatile
   988  0060                     i1l65:	
   989  0060  0875               	movf	??_ISR+4,w
   990  0061  008A               	movwf	10
   991  0062  0874               	movf	??_ISR+3,w
   992  0063  0084               	movwf	4
   993  0064  0E73               	swapf	(??_ISR+2)^(0+4294967168),w
   994  0065  0083               	movwf	3
   995  0066  0EFE               	swapf	btemp,f
   996  0067  0E7E               	swapf	btemp,w
   997  0068  0009               	retfie
   998  0069                     __end_of_ISR:	
   999                           
  1000                           	psect	intentry
  1001  0004                     __pintentry:	
  1002                           ;incstack = 0
  1003                           ; Regs used in _ISR: [wreg-fsr0h+status,2+status,0+pclath+cstack]
  1004                           
  1005  0004                     interrupt_function:	
  1006  007E                     saved_w	set	btemp
  1007  0004  00FE               	movwf	btemp
  1008  0005  0E03               	swapf	3,w
  1009  0006  00F3               	movwf	??_ISR+2
  1010  0007  0804               	movf	4,w
  1011  0008  00F4               	movwf	??_ISR+3
  1012  0009  080A               	movf	10,w
  1013  000A  00F5               	movwf	??_ISR+4
  1014  000B  120A  118A  282B   	ljmp	_ISR
  1015                           
  1016                           	psect	text4
  1017  00CA                     __ptext4:	
  1018 ;; *************** function _Show_7SEG *****************
  1019 ;; Defined at:
  1020 ;;		line 96 in file "LAB2_cas17169.c"
  1021 ;; Parameters:    Size  Location     Type
  1022 ;;		None
  1023 ;; Auto vars:     Size  Location     Type
  1024 ;;		None
  1025 ;; Return value:  Size  Location     Type
  1026 ;;                  1    wreg      void 
  1027 ;; Registers used:
  1028 ;;		wreg, fsr0l, fsr0h, status,2, status,0
  1029 ;; Tracked objects:
  1030 ;;		On entry : 0/0
  1031 ;;		On exit  : 0/0
  1032 ;;		Unchanged: 0/0
  1033 ;; Data sizes:     COMMON   BANK0   BANK1   BANK3   BANK2
  1034 ;;      Params:         0       0       0       0       0
  1035 ;;      Locals:         0       0       0       0       0
  1036 ;;      Temps:          1       0       0       0       0
  1037 ;;      Totals:         1       0       0       0       0
  1038 ;;Total ram usage:        1 bytes
  1039 ;; Hardware stack levels used:    1
  1040 ;; This function calls:
  1041 ;;		Nothing
  1042 ;; This function is called by:
  1043 ;;		_ISR
  1044 ;; This function uses a non-reentrant model
  1045 ;;
  1046                           
  1047                           
  1048                           ;psect for function _Show_7SEG
  1049  00CA                     _Show_7SEG:	
  1050  00CA                     i1l715:	
  1051                           ;incstack = 0
  1052                           ; Regs used in _Show_7SEG: [wreg-fsr0h+status,2+status,0]
  1053                           
  1054  00CA  1283               	bcf	3,5	;RP0=0, select bank0
  1055  00CB  1303               	bcf	3,6	;RP1=0, select bank0
  1056  00CC  1109               	bcf	9,2	;volatile
  1057  00CD                     i1l717:	
  1058  00CD  0878               	movf	_resultado_ADC_uni,w
  1059  00CE  00F0               	movwf	??_Show_7SEG
  1060  00CF  0770               	addwf	??_Show_7SEG,w
  1061  00D0  3E20               	addlw	(low (_DISPLAY| 0))& (0+255)
  1062  00D1  0084               	movwf	4
  1063  00D2  1383               	bcf	3,7	;select IRP bank0
  1064  00D3  0800               	movf	0,w
  1065  00D4  0087               	movwf	7	;volatile
  1066  00D5                     i1l719:	
  1067  00D5  1489               	bsf	9,1	;volatile
  1068  00D6                     i1l721:	
  1069  00D6  3021               	movlw	33
  1070  00D7  00F0               	movwf	??_Show_7SEG
  1071  00D8                     u8_27:	
  1072  00D8  0BF0               	decfsz	??_Show_7SEG,f
  1073  00D9  28D8               	goto	u8_27
  1074  00DA                     i1l723:	
  1075  00DA  1283               	bcf	3,5	;RP0=0, select bank0
  1076  00DB  1303               	bcf	3,6	;RP1=0, select bank0
  1077  00DC  1089               	bcf	9,1	;volatile
  1078  00DD                     i1l725:	
  1079  00DD  0877               	movf	_resultado_ADC_dec,w
  1080  00DE  00F0               	movwf	??_Show_7SEG
  1081  00DF  0770               	addwf	??_Show_7SEG,w
  1082  00E0  3E20               	addlw	(low (_DISPLAY| 0))& (0+255)
  1083  00E1  0084               	movwf	4
  1084  00E2  1383               	bcf	3,7	;select IRP bank0
  1085  00E3  0800               	movf	0,w
  1086  00E4  0087               	movwf	7	;volatile
  1087  00E5                     i1l727:	
  1088  00E5  1509               	bsf	9,2	;volatile
  1089  00E6                     i1l729:	
  1090  00E6  130C               	bcf	12,6	;volatile
  1091  00E7                     i1l78:	
  1092  00E7  0008               	return
  1093  00E8                     __end_of_Show_7SEG:	
  1094  007E                     btemp	set	126	;btemp
  1095  007E                     wtemp0	set	126


Data Sizes:
    Strings     0
    Constant    0
    Data        33
    BSS         2
    Persistent  0
    Stack       0

Auto Spaces:
    Space          Size  Autos    Used
    COMMON           14      7      10
    BANK0            80      0      32
    BANK1            80      0       0
    BANK3            96      0       0
    BANK2            96      0       0

Pointer List with Targets:

    None.

Critical Paths under _main in COMMON

    None.

Critical Paths under _ISR in COMMON

    _ISR->_Show_7SEG

Critical Paths under _main in BANK0

    None.

Critical Paths under _ISR in BANK0

    None.

Critical Paths under _main in BANK1

    None.

Critical Paths under _ISR in BANK1

    None.

Critical Paths under _main in BANK3

    None.

Critical Paths under _ISR in BANK3

    None.

Critical Paths under _main in BANK2

    None.

Critical Paths under _ISR in BANK2

    None.

Call Graph Tables:

 ---------------------------------------------------------------------------------
 (Depth) Function   	        Calls       Base Space   Used Autos Params    Refs
 ---------------------------------------------------------------------------------
 (0) _main                                                 1     1      0       0
                                              6 COMMON     1     1      0
                             _config
                         _config_ADC
 ---------------------------------------------------------------------------------
 (1) _config_ADC                                           0     0      0       0
 ---------------------------------------------------------------------------------
 (1) _config                                               0     0      0       0
 ---------------------------------------------------------------------------------
 Estimated maximum stack depth 1
 ---------------------------------------------------------------------------------
 (Depth) Function   	        Calls       Base Space   Used Autos Params    Refs
 ---------------------------------------------------------------------------------
 (2) _ISR                                                  5     5      0       0
                                              1 COMMON     5     5      0
                          _Show_7SEG
 ---------------------------------------------------------------------------------
 (3) _Show_7SEG                                            1     1      0       0
                                              0 COMMON     1     1      0
 ---------------------------------------------------------------------------------
 Estimated maximum stack depth 3
 ---------------------------------------------------------------------------------

 Call Graph Graphs:

 _main (ROOT)
   _config
   _config_ADC

 _ISR (ROOT)
   _Show_7SEG

 Address spaces:
Name               Size   Autos  Total    Cost      Usage
BANK3               60      0       0       9        0.0%
BITBANK3            60      0       0       8        0.0%
SFR3                 0      0       0       4        0.0%
BITSFR3              0      0       0       4        0.0%
BANK2               60      0       0      11        0.0%
BITBANK2            60      0       0      10        0.0%
SFR2                 0      0       0       5        0.0%
BITSFR2              0      0       0       5        0.0%
BANK1               50      0       0       7        0.0%
BITBANK1            50      0       0       6        0.0%
SFR1                 0      0       0       2        0.0%
BITSFR1              0      0       0       2        0.0%
BANK0               50      0      20       5       40.0%
BITBANK0            50      0       0       4        0.0%
SFR0                 0      0       0       1        0.0%
BITSFR0              0      0       0       1        0.0%
COMMON               E      7       A       1       71.4%
BITCOMMON            E      0       0       0        0.0%
CODE                 0      0       0       0        0.0%
DATA                 0      0      2A      12        0.0%
ABS                  0      0      2A       3        0.0%
NULL                 0      0       0       0        0.0%
STACK                0      0       0       2        0.0%
EEDATA             100      0       0       0        0.0%


Microchip Technology PIC Macro Assembler V2.10 build 88905656 
Symbol Table                                                                                   Wed Feb 05 13:58:02 2020

                       pc 0002               __CFG_CP$OFF 0000                        l71 00C5  
                      l81 0103                        u60 00C3                        u61 00C2  
                      u77 00B7                        fsr 0004                       l100 008A  
                     l731 00E8                       l811 00AB                       l741 00F3  
                     l733 00EC                       l813 00B5                       l751 00FA  
                     l743 00F4                       l735 00ED                       l815 00BA  
                     l753 00FB                       l745 00F7                       l737 00EE  
                     l761 0070                       l817 00BD                       l747 00F8  
                     l739 00F2                       l771 0079                       l763 0073  
                     l755 0069                       l819 00C3                       l749 00F9  
                     l781 0082                       l773 007C                       l765 0076  
                     l757 006C                       l783 0083                       l775 007D  
                     l767 0077                       l759 006F                       l785 0084  
                     l777 007E                       l769 0078                       l787 0087  
                     l779 0081              __CFG_CPD$OFF 0000                       _ISR 002B  
                     fsr0 0004                       indf 0000              __CFG_LVP$OFF 0000  
                    ?_ISR 0070                      _ADIF 0066                      _RBIF 0058  
                    i1l65 0060                      i1l78 00E7                      u1_20 0031  
                    u1_21 0030                      u2_25 0034                      u3_20 004B  
                    u3_21 004A                      u4_20 0051                      u4_21 0050  
                    u5_20 005B                      u5_21 005A                      u8_27 00D8  
            __CFG_WRT$OFF 0000                      _main 00AB                      btemp 007E  
                    start 000E             __CFG_IESO$OFF 0000             __CFG_MCLRE$ON 0000  
                   ??_ISR 0071                     ?_main 0070             __CFG_WDTE$OFF 0000  
                   i1l721 00D6                     i1l801 0053                     i1l723 00DA  
                   i1l715 00CA                     i1l803 0057                     i1l725 00DD  
                   i1l717 00CD                     i1l805 005B                     i1l727 00E5  
                   i1l719 00D5                     i1l807 005D                     i1l729 00E6  
                   i1l809 005F                     i1l791 0031                     i1l793 0042  
                   i1l795 0047                     i1l797 004B                     i1l789 002B  
                   i1l799 0051                     _PORTA 0005                     _PORTB 0006  
                   _PORTC 0007                     _PORTD 0008                     _PORTE 0009  
                   _TRISC 0087                     _TRISD 0088            __CFG_FCMEN$OFF 0000  
          __CFG_BOREN$OFF 0000                     pclath 000A                     status 0003  
                   wtemp0 007E           __initialization 0011              __end_of_main 00CA  
                  ??_main 0076                    _ADRESH 001E                    _ANSELH 0189  
          __CFG_PWRTE$OFF 0000                    _config 00E8        __size_of_Show_7SEG 001E  
            __pdataCOMMON 0079                    saved_w 007E   __end_of__initialization 0027  
          __pcstackCOMMON 0070              __pidataBANK0 008B            _OPTION_REGbits 0081  
       __end_of_Show_7SEG 00E8                __pmaintext 00AB                __pintentry 0004  
                 ?_config 0070                   _DISPLAY 0020                _config_ADC 0069  
         __size_of_config 001C                 _ANSELbits 0188                   __ptext1 0069  
                 __ptext2 00E8                   __ptext3 002B                   __ptext4 00CA  
            __size_of_ISR 003E      end_of_initialization 0027                 _PORTBbits 0006  
               _PORTEbits 0009               ?_config_ADC 0070                 _TRISAbits 0085  
               _TRISBbits 0086                 _TRISEbits 0089             __pidataCOMMON 0117  
          __end_of_config 0104       start_initialization 0011               __end_of_ISR 0069  
       _resultado_ADC_dec 0077  __CFG_FOSC$INTRC_NOCLKOUT 0000         _resultado_ADC_uni 0078  
               _Show_7SEG 00CA       __size_of_config_ADC 0022                init_fetch0 0104  
                ??_config 0076               __pdataBANK0 0020               __pbssCOMMON 0077  
               ___latbits 0002                ?_Show_7SEG 0070         interrupt_function 0004  
                _IOCBbits 0096                  _PIE1bits 008C                  _PIR1bits 000C  
              _ADCON0bits 001F                _ADCON1bits 009F              ??_config_ADC 0076  
             ??_Show_7SEG 0070        __end_of_config_ADC 008B            _ADC_nibble_uni 0079  
       __CFG_BOR4V$BOR40V 0000             __size_of_main 001F                _INTCONbits 000B  
                init_ram0 0108                  intlevel1 0000  
