

Microchip MPLAB XC8 Assembler V2.10 build 88905656 
                                                                                               Fri Jan 31 13:07:40 2020

Microchip MPLAB XC8 C Compiler v2.10 (Free license) build 20190730164152 Og1 
     1                           	processor	16F887
     2                           	opt	pw 120
     3                           	opt	flic
     4                           	psect	idataBANK0,global,class=CODE,delta=2
     5                           	psect	idataBANK1,global,class=CODE,delta=2
     6                           	psect	cinit,global,class=CODE,merge=1,delta=2
     7                           	psect	bssBANK0,global,class=BANK0,space=1,delta=1
     8                           	psect	dataBANK0,global,class=BANK0,space=1,delta=1
     9                           	psect	dataBANK1,global,class=BANK1,space=1,delta=1
    10                           	psect	inittext,global,class=CODE,delta=2
    11                           	psect	cstackCOMMON,global,class=COMMON,space=1,delta=1
    12                           	psect	cstackBANK0,global,class=BANK0,space=1,delta=1
    13                           	psect	maintext,global,class=CODE,split=1,delta=2
    14                           	psect	text1,local,class=CODE,merge=1,delta=2
    15                           	dabs	1,0x7E,2
    16  0000                     
    17                           ; Version 2.10
    18                           ; Generated 31/07/2019 GMT
    19                           ; 
    20                           ; Copyright © 2019, Microchip Technology Inc. and its subsidiaries ("Microchip")
    21                           ; All rights reserved.
    22                           ; 
    23                           ; This software is developed by Microchip Technology Inc. and its subsidiaries ("Microch
      +                          ip").
    24                           ; 
    25                           ; Redistribution and use in source and binary forms, with or without modification, are
    26                           ; permitted provided that the following conditions are met:
    27                           ; 
    28                           ;     1. Redistributions of source code must retain the above copyright notice, this lis
      +                          t of
    29                           ;        conditions and the following disclaimer.
    30                           ; 
    31                           ;     2. Redistributions in binary form must reproduce the above copyright notice, this 
      +                          list
    32                           ;        of conditions and the following disclaimer in the documentation and/or other
    33                           ;        materials provided with the distribution.
    34                           ; 
    35                           ;     3. Microchip's name may not be used to endorse or promote products derived from th
      +                          is
    36                           ;        software without specific prior written permission.
    37                           ; 
    38                           ; THIS SOFTWARE IS PROVIDED BY MICROCHIP "AS IS" AND ANY EXPRESS OR IMPLIED WARRANTIES,
    39                           ; INCLUDING, BUT NOT LIMITED TO, THE IMPLIED WARRANTIES OF MERCHANTABILITY AND FITNESS F
      +                          OR
    40                           ; PURPOSE ARE DISCLAIMED.  IN NO EVENT SHALL MICROCHIP BE LIABLE FOR ANY DIRECT, INDIREC
      +                          T,
    41                           ; INCIDENTAL, SPECIAL, EXEMPLARY, OR CONSEQUENTIAL DAMAGES (INCLUDING BUT NOT LIMITED TO
    42                           ; PROCUREMENT OF SUBSTITUTE GOODS OR SERVICES; LOSS OF USE, DATA OR PROFITS; OR BUSINESS
    43                           ; INTERRUPTION) HOWSOEVER CAUSED AND ON ANY THEORY OF LIABILITY, WHETHER IN CONTRACT, ST
      +                          RICT
    44                           ; LIABILITY, OR TORT (INCLUDING NEGLIGENCE OR OTHERWISE) ARISING IN ANY WAY OUT OF THE U
      +                          SE OF
    45                           ; THIS SOFTWARE, EVEN IF ADVISED OF THE POSSIBILITY OF SUCH DAMAGE.
    46                           ; 
    47                           ; 
    48                           ; Code-generator required, PIC16F887 Definitions
    49                           ; 
    50                           ; SFR Addresses
    51  0000                     	;# 
    52  0001                     	;# 
    53  0002                     	;# 
    54  0003                     	;# 
    55  0004                     	;# 
    56  0005                     	;# 
    57  0006                     	;# 
    58  0007                     	;# 
    59  0008                     	;# 
    60  0009                     	;# 
    61  000A                     	;# 
    62  000B                     	;# 
    63  000C                     	;# 
    64  000D                     	;# 
    65  000E                     	;# 
    66  000E                     	;# 
    67  000F                     	;# 
    68  0010                     	;# 
    69  0011                     	;# 
    70  0012                     	;# 
    71  0013                     	;# 
    72  0014                     	;# 
    73  0015                     	;# 
    74  0015                     	;# 
    75  0016                     	;# 
    76  0017                     	;# 
    77  0018                     	;# 
    78  0019                     	;# 
    79  001A                     	;# 
    80  001B                     	;# 
    81  001B                     	;# 
    82  001C                     	;# 
    83  001D                     	;# 
    84  001E                     	;# 
    85  001F                     	;# 
    86  0081                     	;# 
    87  0085                     	;# 
    88  0086                     	;# 
    89  0087                     	;# 
    90  0088                     	;# 
    91  0089                     	;# 
    92  008C                     	;# 
    93  008D                     	;# 
    94  008E                     	;# 
    95  008F                     	;# 
    96  0090                     	;# 
    97  0091                     	;# 
    98  0092                     	;# 
    99  0093                     	;# 
   100  0093                     	;# 
   101  0093                     	;# 
   102  0094                     	;# 
   103  0095                     	;# 
   104  0096                     	;# 
   105  0097                     	;# 
   106  0098                     	;# 
   107  0099                     	;# 
   108  009A                     	;# 
   109  009B                     	;# 
   110  009C                     	;# 
   111  009D                     	;# 
   112  009E                     	;# 
   113  009F                     	;# 
   114  0105                     	;# 
   115  0107                     	;# 
   116  0108                     	;# 
   117  0109                     	;# 
   118  010C                     	;# 
   119  010C                     	;# 
   120  010D                     	;# 
   121  010E                     	;# 
   122  010F                     	;# 
   123  0185                     	;# 
   124  0187                     	;# 
   125  0188                     	;# 
   126  0189                     	;# 
   127  018C                     	;# 
   128  018D                     	;# 
   129  0000                     	;# 
   130  0001                     	;# 
   131  0002                     	;# 
   132  0003                     	;# 
   133  0004                     	;# 
   134  0005                     	;# 
   135  0006                     	;# 
   136  0007                     	;# 
   137  0008                     	;# 
   138  0009                     	;# 
   139  000A                     	;# 
   140  000B                     	;# 
   141  000C                     	;# 
   142  000D                     	;# 
   143  000E                     	;# 
   144  000E                     	;# 
   145  000F                     	;# 
   146  0010                     	;# 
   147  0011                     	;# 
   148  0012                     	;# 
   149  0013                     	;# 
   150  0014                     	;# 
   151  0015                     	;# 
   152  0015                     	;# 
   153  0016                     	;# 
   154  0017                     	;# 
   155  0018                     	;# 
   156  0019                     	;# 
   157  001A                     	;# 
   158  001B                     	;# 
   159  001B                     	;# 
   160  001C                     	;# 
   161  001D                     	;# 
   162  001E                     	;# 
   163  001F                     	;# 
   164  0081                     	;# 
   165  0085                     	;# 
   166  0086                     	;# 
   167  0087                     	;# 
   168  0088                     	;# 
   169  0089                     	;# 
   170  008C                     	;# 
   171  008D                     	;# 
   172  008E                     	;# 
   173  008F                     	;# 
   174  0090                     	;# 
   175  0091                     	;# 
   176  0092                     	;# 
   177  0093                     	;# 
   178  0093                     	;# 
   179  0093                     	;# 
   180  0094                     	;# 
   181  0095                     	;# 
   182  0096                     	;# 
   183  0097                     	;# 
   184  0098                     	;# 
   185  0099                     	;# 
   186  009A                     	;# 
   187  009B                     	;# 
   188  009C                     	;# 
   189  009D                     	;# 
   190  009E                     	;# 
   191  009F                     	;# 
   192  0105                     	;# 
   193  0107                     	;# 
   194  0108                     	;# 
   195  0109                     	;# 
   196  010C                     	;# 
   197  010C                     	;# 
   198  010D                     	;# 
   199  010E                     	;# 
   200  010F                     	;# 
   201  0185                     	;# 
   202  0187                     	;# 
   203  0188                     	;# 
   204  0189                     	;# 
   205  018C                     	;# 
   206  018D                     	;# 
   207                           
   208                           	psect	idataBANK0
   209  05BC                     __pidataBANK0:	
   210                           
   211                           ;initializer for main@F1274
   212  05BC  3401               	retlw	1
   213  05BD  3400               	retlw	0
   214  05BE  3402               	retlw	2
   215  05BF  3400               	retlw	0
   216  05C0  3404               	retlw	4
   217  05C1  3400               	retlw	0
   218  05C2  3408               	retlw	8
   219  05C3  3400               	retlw	0
   220  05C4  3410               	retlw	16
   221  05C5  3400               	retlw	0
   222  05C6  3420               	retlw	32
   223  05C7  3400               	retlw	0
   224  05C8  3440               	retlw	64
   225  05C9  3400               	retlw	0
   226  05CA  3480               	retlw	128
   227  05CB  3400               	retlw	0
   228                           
   229                           	psect	idataBANK1
   230  05F8                     __pidataBANK1:	
   231                           
   232                           ;initializer for main@F1272
   233  05F8  347E               	retlw	126
   234  05F9  3400               	retlw	0
   235  05FA  3430               	retlw	48
   236  05FB  3400               	retlw	0
   237  05FC  346D               	retlw	109
   238  05FD  3400               	retlw	0
   239  05FE  3479               	retlw	121
   240  05FF  3400               	retlw	0
   241  0600  3433               	retlw	51
   242  0601  3400               	retlw	0
   243  0602  345B               	retlw	91
   244  0603  3400               	retlw	0
   245  0604  345F               	retlw	95
   246  0605  3400               	retlw	0
   247  0606  3470               	retlw	112
   248  0607  3400               	retlw	0
   249  0608  347F               	retlw	127
   250  0609  3400               	retlw	0
   251  060A  347B               	retlw	123
   252  060B  3400               	retlw	0
   253                           
   254                           ;initializer for main@F1276
   255  060C  3401               	retlw	1
   256  060D  3400               	retlw	0
   257  060E  3402               	retlw	2
   258  060F  3400               	retlw	0
   259  0610  3404               	retlw	4
   260  0611  3400               	retlw	0
   261  0612  3408               	retlw	8
   262  0613  3400               	retlw	0
   263  0614  3410               	retlw	16
   264  0615  3400               	retlw	0
   265  0616  3420               	retlw	32
   266  0617  3400               	retlw	0
   267  0618  3440               	retlw	64
   268  0619  3400               	retlw	0
   269  061A  3480               	retlw	128
   270  061B  3400               	retlw	0
   271  0005                     _PORTA	set	5
   272  0008                     _PORTDbits	set	8
   273  0009                     _PORTE	set	9
   274  0009                     _PORTEbits	set	9
   275  0007                     _PORTCbits	set	7
   276  0008                     _PORTD	set	8
   277  0007                     _PORTC	set	7
   278  0006                     _PORTB	set	6
   279  0005                     _PORTAbits	set	5
   280  0089                     _TRISEbits	set	137
   281  0085                     _TRISAbits	set	133
   282  0088                     _TRISD	set	136
   283  0087                     _TRISC	set	135
   284  0086                     _TRISB	set	134
   285  0189                     _ANSELH	set	393
   286  0188                     _ANSEL	set	392
   287                           
   288                           ; #config settings
   289  0000                     
   290                           	psect	cinit
   291  07D9                     start_initialization:	
   292  07D9                     __initialization:	
   293                           
   294                           ; Initialize objects allocated to BANK1
   295  07D9  1383               	bcf	3,7	;select IRP bank0
   296  07DA  30C4               	movlw	low (__pdataBANK1+36)
   297  07DB  00FD               	movwf	btemp+-1
   298  07DC  3005               	movlw	high __pidataBANK1
   299  07DD  00FE               	movwf	btemp
   300  07DE  30F8               	movlw	low __pidataBANK1
   301  07DF  00FF               	movwf	btemp+1
   302  07E0  30A0               	movlw	low __pdataBANK1
   303  07E1  0084               	movwf	4
   304  07E2  120A  118A  25D0  120A  118A  	fcall	init_ram0
   305                           
   306                           ; Initialize objects allocated to BANK0
   307  07E7  3064               	movlw	low (__pdataBANK0+16)
   308  07E8  00FD               	movwf	btemp+-1
   309  07E9  3005               	movlw	high __pidataBANK0
   310  07EA  00FE               	movwf	btemp
   311  07EB  30BC               	movlw	low __pidataBANK0
   312  07EC  00FF               	movwf	btemp+1
   313  07ED  3054               	movlw	low __pdataBANK0
   314  07EE  0084               	movwf	4
   315  07EF  120A  118A  25D0  120A  118A  	fcall	init_ram0
   316                           
   317                           ; Clear objects allocated to BANK0
   318  07F4  01E4               	clrf	__pbssBANK0& (0+127)
   319  07F5  01E5               	clrf	(__pbssBANK0+1)& (0+127)
   320  07F6  01E6               	clrf	(__pbssBANK0+2)& (0+127)
   321  07F7  01E7               	clrf	(__pbssBANK0+3)& (0+127)
   322  07F8  01E8               	clrf	(__pbssBANK0+4)& (0+127)
   323  07F9  01E9               	clrf	(__pbssBANK0+5)& (0+127)
   324  07FA  01EA               	clrf	(__pbssBANK0+6)& (0+127)
   325  07FB  01EB               	clrf	(__pbssBANK0+7)& (0+127)
   326  07FC                     end_of_initialization:	
   327                           ;End of C runtime variable initialization code
   328                           
   329  07FC                     __end_of__initialization:	
   330  07FC  0183               	clrf	3
   331  07FD  120A  118A  2E1C   	ljmp	_main	;jump to C main() function
   332                           
   333                           	psect	bssBANK0
   334  0064                     __pbssBANK0:	
   335  0064                     _count2:	
   336  0064                     	ds	2
   337  0066                     _count:	
   338  0066                     	ds	2
   339  0068                     _FLAG_ON:	
   340  0068                     	ds	1
   341  0069                     _ESTADO3:	
   342  0069                     	ds	1
   343  006A                     _ESTADO2:	
   344  006A                     	ds	1
   345  006B                     _ESTADO:	
   346  006B                     	ds	1
   347                           
   348                           	psect	dataBANK0
   349  0054                     __pdataBANK0:	
   350  0054                     main@F1274:	
   351  0054                     	ds	16
   352                           
   353                           	psect	dataBANK1
   354  00A0                     __pdataBANK1:	
   355  00A0                     main@F1272:	
   356  00A0                     	ds	20
   357  00B4                     main@F1276:	
   358  00B4                     	ds	16
   359                           
   360                           	psect	inittext
   361  05CC                     init_fetch0:	
   362                           ;	Called with low address in FSR and high address in W
   363                           
   364  05CC  087E               	movf	btemp,w
   365  05CD  008A               	movwf	10
   366  05CE  087F               	movf	btemp+1,w
   367  05CF  0082               	movwf	2
   368  05D0                     init_ram0:	
   369                           ;Called with:
   370                           ;	high address of idata address in btemp 
   371                           ;	low address of idata address in btemp+1 
   372                           ;	low address of data in FSR
   373                           ;	high address + 1 of data in btemp-1
   374                           
   375  05D0  120A  118A  25CC  120A  118A  	fcall	init_fetch0
   376  05D5  0080               	movwf	0
   377  05D6  0A84               	incf	4,f
   378  05D7  0804               	movf	4,w
   379  05D8  067D               	xorwf	btemp+-1,w
   380  05D9  1903               	btfsc	3,2
   381  05DA  3400               	retlw	0
   382  05DB  0AFF               	incf	btemp+1,f
   383  05DC  1903               	btfsc	3,2
   384  05DD  0AFE               	incf	btemp,f
   385  05DE  2DD0               	goto	init_ram0
   386                           
   387                           	psect	cstackCOMMON
   388  0070                     __pcstackCOMMON:	
   389  0070                     ?_config:	
   390  0070                     ??_config:	
   391                           ; 1 bytes @ 0x0
   392                           
   393  0070                     ?_main:	
   394                           ; 1 bytes @ 0x0
   395                           
   396  0070                     ??_main:	
   397                           ; 1 bytes @ 0x0
   398                           
   399                           
   400                           ; 1 bytes @ 0x0
   401  0070                     	ds	4
   402                           
   403                           	psect	cstackBANK0
   404  0020                     __pcstackBANK0:	
   405  0020                     main@jugador_uno:	
   406                           
   407                           ; 16 bytes @ 0x0
   408  0020                     	ds	16
   409  0030                     main@jugador_dos:	
   410                           
   411                           ; 16 bytes @ 0x10
   412  0030                     	ds	16
   413  0040                     main@TABLA7SEG:	
   414                           
   415                           ; 20 bytes @ 0x20
   416  0040                     	ds	20
   417                           
   418                           	psect	maintext
   419  061C                     __pmaintext:	
   420 ;;
   421 ;;Main: autosize = 0, tempsize = 4, incstack = 0, save=0
   422 ;;
   423 ;; *************** function _main *****************
   424 ;; Defined at:
   425 ;;		line 40 in file "LAB1_cas17169.c"
   426 ;; Parameters:    Size  Location     Type
   427 ;;		None
   428 ;; Auto vars:     Size  Location     Type
   429 ;;  TABLA7SEG      20   32[BANK0 ] unsigned int [10]
   430 ;;  jugador_dos    16   16[BANK0 ] unsigned int [8]
   431 ;;  jugador_uno    16    0[BANK0 ] unsigned int [8]
   432 ;; Return value:  Size  Location     Type
   433 ;;                  1    wreg      void 
   434 ;; Registers used:
   435 ;;		wreg, fsr0l, fsr0h, status,2, status,0, pclath, cstack
   436 ;; Tracked objects:
   437 ;;		On entry : B00/0
   438 ;;		On exit  : 0/0
   439 ;;		Unchanged: 0/0
   440 ;; Data sizes:     COMMON   BANK0   BANK1   BANK3   BANK2
   441 ;;      Params:         0       0       0       0       0
   442 ;;      Locals:         0      52       0       0       0
   443 ;;      Temps:          4       0       0       0       0
   444 ;;      Totals:         4      52       0       0       0
   445 ;;Total ram usage:       56 bytes
   446 ;; Hardware stack levels required when called:    1
   447 ;; This function calls:
   448 ;;		_config
   449 ;; This function is called by:
   450 ;;		Startup code after reset
   451 ;; This function uses a non-reentrant model
   452 ;;
   453                           
   454                           
   455                           ;psect for function _main
   456  061C                     _main:	
   457  061C                     l840:	
   458                           ;incstack = 0
   459                           ; Regs used in _main: [wreg-fsr0h+status,2+status,0+pclath+cstack]
   460                           
   461                           
   462                           ;LAB1_cas17169.c: 41:     unsigned int jugador_dos [8] = {
   463  061C  120A  118A  25DF  120A  118A  	fcall	_config
   464  0621                     l842:	
   465                           
   466                           ;LAB1_cas17169.c: 43:         0b00000010,
   467  0621  3040               	movlw	main@TABLA7SEG& (0+255)
   468  0622  0084               	movwf	4
   469  0623  30A0               	movlw	low main@F1272
   470  0624  00F0               	movwf	??_main
   471  0625  0804               	movf	4,w
   472  0626  00F1               	movwf	??_main+1
   473  0627  3014               	movlw	20
   474  0628  00F2               	movwf	??_main+2
   475  0629                     u150:	
   476  0629  0870               	movf	??_main,w
   477  062A  0084               	movwf	4
   478  062B  1383               	bcf	3,7	;select IRP bank1
   479  062C  0800               	movf	0,w
   480  062D  00F3               	movwf	??_main+3
   481  062E  0AF0               	incf	??_main,f
   482  062F  0871               	movf	??_main+1,w
   483  0630  0084               	movwf	4
   484  0631  0873               	movf	??_main+3,w
   485  0632  0080               	movwf	0
   486  0633  0AF1               	incf	??_main+1,f
   487  0634  0BF2               	decfsz	??_main+2,f
   488  0635  2E29               	goto	u150
   489  0636                     l844:	
   490                           
   491                           ;LAB1_cas17169.c: 57: 
   492  0636  3020               	movlw	main@jugador_uno& (0+255)
   493  0637  0084               	movwf	4
   494  0638  3054               	movlw	low main@F1274
   495  0639  00F0               	movwf	??_main
   496  063A  0804               	movf	4,w
   497  063B  00F1               	movwf	??_main+1
   498  063C  3010               	movlw	16
   499  063D  00F2               	movwf	??_main+2
   500  063E                     u160:	
   501  063E  0870               	movf	??_main,w
   502  063F  0084               	movwf	4
   503  0640  1383               	bcf	3,7	;select IRP bank0
   504  0641  0800               	movf	0,w
   505  0642  00F3               	movwf	??_main+3
   506  0643  0AF0               	incf	??_main,f
   507  0644  0871               	movf	??_main+1,w
   508  0645  0084               	movwf	4
   509  0646  0873               	movf	??_main+3,w
   510  0647  0080               	movwf	0
   511  0648  0AF1               	incf	??_main+1,f
   512  0649  0BF2               	decfsz	??_main+2,f
   513  064A  2E3E               	goto	u160
   514  064B                     l846:	
   515                           
   516                           ;LAB1_cas17169.c: 68:                 PORTB = TABLA7SEG[1];
   517  064B  3030               	movlw	main@jugador_dos& (0+255)
   518  064C  0084               	movwf	4
   519  064D  30B4               	movlw	low main@F1276
   520  064E  00F0               	movwf	??_main
   521  064F  0804               	movf	4,w
   522  0650  00F1               	movwf	??_main+1
   523  0651  3010               	movlw	16
   524  0652  00F2               	movwf	??_main+2
   525  0653                     u170:	
   526  0653  0870               	movf	??_main,w
   527  0654  0084               	movwf	4
   528  0655  1383               	bcf	3,7	;select IRP bank1
   529  0656  0800               	movf	0,w
   530  0657  00F3               	movwf	??_main+3
   531  0658  0AF0               	incf	??_main,f
   532  0659  0871               	movf	??_main+1,w
   533  065A  0084               	movwf	4
   534  065B  0873               	movf	??_main+3,w
   535  065C  0080               	movwf	0
   536  065D  0AF1               	incf	??_main+1,f
   537  065E  0BF2               	decfsz	??_main+2,f
   538  065F  2E53               	goto	u170
   539  0660                     l848:	
   540                           
   541                           ;LAB1_cas17169.c: 81: 
   542  0660  1283               	bcf	3,5	;RP0=0, select bank0
   543  0661  1303               	bcf	3,6	;RP1=0, select bank0
   544  0662  1C05               	btfss	5,0	;volatile
   545  0663  2E65               	goto	u181
   546  0664  2E66               	goto	u180
   547  0665                     u181:	
   548  0665  2FD0               	goto	l974
   549  0666                     u180:	
   550  0666                     l850:	
   551                           
   552                           ;LAB1_cas17169.c: 82: 
   553  0666  01EB               	clrf	_ESTADO
   554  0667  0AEB               	incf	_ESTADO,f
   555  0668                     l852:	
   556                           
   557                           ;LAB1_cas17169.c: 83: 
   558  0668  3053               	movlw	83
   559  0669  00F0               	movwf	??_main
   560  066A                     u297:	
   561  066A  0BF0               	decfsz	??_main,f
   562  066B  2E6A               	goto	u297
   563  066C                     l854:	
   564  066C                     l856:	
   565                           ;LAB1_cas17169.c: 85:         if (PORTAbits.RA1 == 1 && ESTADO2 == 0) {
   566                           
   567  066C  1283               	bcf	3,5	;RP0=0, select bank0
   568  066D  1303               	bcf	3,6	;RP1=0, select bank0
   569  066E  1805               	btfsc	5,0	;volatile
   570  066F  2E71               	goto	u191
   571  0670  2E72               	goto	u190
   572  0671                     u191:	
   573  0671  2EBC               	goto	l874
   574  0672                     u190:	
   575  0672                     l858:	
   576                           
   577                           ;LAB1_cas17169.c: 87:             PORTC = jugador_uno[count];
   578  0672  0846               	movf	main@TABLA7SEG+6,w
   579  0673  0086               	movwf	6	;volatile
   580  0674                     l860:	
   581                           
   582                           ;LAB1_cas17169.c: 88:             count++;
   583  0674  1585               	bsf	5,3	;volatile
   584                           
   585                           ;LAB1_cas17169.c: 89:             _delay((unsigned long)((250)*(4000000/4000000.0)));
   586  0675  3006               	movlw	6
   587  0676  00F2               	movwf	??_main+2
   588  0677  3013               	movlw	19
   589  0678  00F1               	movwf	??_main+1
   590  0679  30AD               	movlw	173
   591  067A  00F0               	movwf	??_main
   592  067B                     u307:	
   593  067B  0BF0               	decfsz	??_main,f
   594  067C  2E7B               	goto	u307
   595  067D  0BF1               	decfsz	??_main+1,f
   596  067E  2E7B               	goto	u307
   597  067F  0BF2               	decfsz	??_main+2,f
   598  0680  2E7B               	goto	u307
   599  0681  2E82               	nop2
   600                           
   601                           ;LAB1_cas17169.c: 91: 
   602  0682  1283               	bcf	3,5	;RP0=0, select bank0
   603  0683  1303               	bcf	3,6	;RP1=0, select bank0
   604  0684  0844               	movf	main@TABLA7SEG+4,w
   605  0685  0086               	movwf	6	;volatile
   606  0686                     l862:	
   607                           
   608                           ;LAB1_cas17169.c: 92:         if (PORTAbits.RA2 == 1 && ESTADO3 == 0) {
   609  0686  1605               	bsf	5,4	;volatile
   610                           
   611                           ;LAB1_cas17169.c: 93:             ESTADO3 = 1;
   612  0687  3006               	movlw	6
   613  0688  00F2               	movwf	??_main+2
   614  0689  3013               	movlw	19
   615  068A  00F1               	movwf	??_main+1
   616  068B  30AD               	movlw	173
   617  068C  00F0               	movwf	??_main
   618  068D                     u317:	
   619  068D  0BF0               	decfsz	??_main,f
   620  068E  2E8D               	goto	u317
   621  068F  0BF1               	decfsz	??_main+1,f
   622  0690  2E8D               	goto	u317
   623  0691  0BF2               	decfsz	??_main+2,f
   624  0692  2E8D               	goto	u317
   625  0693  2E94               	nop2
   626                           
   627                           ;LAB1_cas17169.c: 95:             count2++;
   628  0694  1283               	bcf	3,5	;RP0=0, select bank0
   629  0695  1303               	bcf	3,6	;RP1=0, select bank0
   630  0696  0842               	movf	main@TABLA7SEG+2,w
   631  0697  0086               	movwf	6	;volatile
   632  0698                     l864:	
   633                           
   634                           ;LAB1_cas17169.c: 96:             _delay((unsigned long)((250)*(4000000/4000000.0)));
   635  0698  1685               	bsf	5,5	;volatile
   636                           
   637                           ;LAB1_cas17169.c: 97:         }
   638  0699  3003               	movlw	3
   639  069A  00F2               	movwf	??_main+2
   640  069B  308A               	movlw	138
   641  069C  00F1               	movwf	??_main+1
   642  069D  3055               	movlw	85
   643  069E  00F0               	movwf	??_main
   644  069F                     u327:	
   645  069F  0BF0               	decfsz	??_main,f
   646  06A0  2E9F               	goto	u327
   647  06A1  0BF1               	decfsz	??_main+1,f
   648  06A2  2E9F               	goto	u327
   649  06A3  0BF2               	decfsz	??_main+2,f
   650  06A4  2E9F               	goto	u327
   651  06A5  2EA6               	nop2
   652                           
   653                           ;LAB1_cas17169.c: 99: 
   654  06A6  3003               	movlw	3
   655  06A7  00F2               	movwf	??_main+2
   656  06A8  308A               	movlw	138
   657  06A9  00F1               	movwf	??_main+1
   658  06AA  3055               	movlw	85
   659  06AB  00F0               	movwf	??_main
   660  06AC                     u337:	
   661  06AC  0BF0               	decfsz	??_main,f
   662  06AD  2EAC               	goto	u337
   663  06AE  0BF1               	decfsz	??_main+1,f
   664  06AF  2EAC               	goto	u337
   665  06B0  0BF2               	decfsz	??_main+2,f
   666  06B1  2EAC               	goto	u337
   667  06B2  2EB3               	nop2
   668  06B3                     l866:	
   669                           
   670                           ;LAB1_cas17169.c: 100: 
   671  06B3  1283               	bcf	3,5	;RP0=0, select bank0
   672  06B4  1303               	bcf	3,6	;RP1=0, select bank0
   673  06B5  1185               	bcf	5,3	;volatile
   674  06B6                     l868:	
   675                           
   676                           ;LAB1_cas17169.c: 101: 
   677  06B6  1205               	bcf	5,4	;volatile
   678  06B7                     l870:	
   679                           
   680                           ;LAB1_cas17169.c: 102: 
   681  06B7  1285               	bcf	5,5	;volatile
   682                           
   683                           ;LAB1_cas17169.c: 103:         if (PORTCbits.RC7 == 1) {
   684  06B8  0840               	movf	main@TABLA7SEG,w
   685  06B9  0086               	movwf	6	;volatile
   686  06BA                     l872:	
   687                           
   688                           ;LAB1_cas17169.c: 104:             PORTC = 0x00;
   689  06BA  01E8               	clrf	_FLAG_ON
   690  06BB  0AE8               	incf	_FLAG_ON,f
   691  06BC                     l874:	
   692                           
   693                           ;LAB1_cas17169.c: 106:             PORTEbits.RE0 = 1;
   694  06BC  01EB               	clrf	_ESTADO
   695  06BD  2FD0               	goto	l974
   696  06BE                     l63:	
   697                           
   698                           ;LAB1_cas17169.c: 112:             PORTB = TABLA7SEG[1];
   699  06BE  1C85               	btfss	5,1	;volatile
   700  06BF  2EC1               	goto	u201
   701  06C0  2EC2               	goto	u200
   702  06C1                     u201:	
   703  06C1  2EDB               	goto	l886
   704  06C2                     u200:	
   705  06C2                     l876:	
   706  06C2  086A               	movf	_ESTADO2,w
   707  06C3  1D03               	btfss	3,2
   708  06C4  2EC6               	goto	u211
   709  06C5  2EC7               	goto	u210
   710  06C6                     u211:	
   711  06C6  2EDB               	goto	l886
   712  06C7                     u210:	
   713  06C7                     l878:	
   714                           
   715                           ;LAB1_cas17169.c: 113:             PORTEbits.RE0 = 1;
   716  06C7  01EA               	clrf	_ESTADO2
   717  06C8  0AEA               	incf	_ESTADO2,f
   718  06C9                     l880:	
   719                           
   720                           ;LAB1_cas17169.c: 114:             _delay((unsigned long)((1000)*(4000000/4000.0)));
   721  06C9  0866               	movf	_count,w
   722  06CA  00F0               	movwf	??_main
   723  06CB  0770               	addwf	??_main,w
   724  06CC  3E20               	addlw	(low (main@jugador_uno| 0))& (0+255)
   725  06CD  0084               	movwf	4
   726  06CE  1383               	bcf	3,7	;select IRP bank0
   727  06CF  0800               	movf	0,w
   728  06D0  0087               	movwf	7	;volatile
   729  06D1                     l882:	
   730                           
   731                           ;LAB1_cas17169.c: 115:             PORTB = TABLA7SEG[0];
   732  06D1  3001               	movlw	1
   733  06D2  07E6               	addwf	_count,f
   734  06D3  1803               	skipnc
   735  06D4  0AE7               	incf	_count+1,f
   736  06D5  3000               	movlw	0
   737  06D6  07E7               	addwf	_count+1,f
   738  06D7                     l884:	
   739                           
   740                           ;LAB1_cas17169.c: 116:             PORTEbits.RE0 = 0;
   741  06D7  3053               	movlw	83
   742  06D8  00F0               	movwf	??_main
   743  06D9                     u347:	
   744  06D9  0BF0               	decfsz	??_main,f
   745  06DA  2ED9               	goto	u347
   746  06DB                     l886:	
   747                           
   748                           ;LAB1_cas17169.c: 119:             PORTEbits.RE0 = 1;
   749  06DB  1283               	bcf	3,5	;RP0=0, select bank0
   750  06DC  1303               	bcf	3,6	;RP1=0, select bank0
   751  06DD  1D05               	btfss	5,2	;volatile
   752  06DE  2EE0               	goto	u221
   753  06DF  2EE1               	goto	u220
   754  06E0                     u221:	
   755  06E0  2EFA               	goto	l898
   756  06E1                     u220:	
   757  06E1                     l888:	
   758  06E1  0869               	movf	_ESTADO3,w
   759  06E2  1D03               	btfss	3,2
   760  06E3  2EE5               	goto	u231
   761  06E4  2EE6               	goto	u230
   762  06E5                     u231:	
   763  06E5  2EFA               	goto	l898
   764  06E6                     u230:	
   765  06E6                     l890:	
   766                           
   767                           ;LAB1_cas17169.c: 120: 
   768  06E6  01E9               	clrf	_ESTADO3
   769  06E7  0AE9               	incf	_ESTADO3,f
   770  06E8                     l892:	
   771                           
   772                           ;LAB1_cas17169.c: 121:             _delay((unsigned long)((5000)*(4000000/4000.0)));
   773  06E8  0864               	movf	_count2,w
   774  06E9  00F0               	movwf	??_main
   775  06EA  0770               	addwf	??_main,w
   776  06EB  3E30               	addlw	(low (main@jugador_dos| 0))& (0+255)
   777  06EC  0084               	movwf	4
   778  06ED  1383               	bcf	3,7	;select IRP bank0
   779  06EE  0800               	movf	0,w
   780  06EF  0088               	movwf	8	;volatile
   781  06F0                     l894:	
   782                           
   783                           ;LAB1_cas17169.c: 122:             PORTB = 0x00;
   784  06F0  3001               	movlw	1
   785  06F1  07E4               	addwf	_count2,f
   786  06F2  1803               	skipnc
   787  06F3  0AE5               	incf	_count2+1,f
   788  06F4  3000               	movlw	0
   789  06F5  07E5               	addwf	_count2+1,f
   790  06F6                     l896:	
   791                           
   792                           ;LAB1_cas17169.c: 123:             PORTC = 0x00;
   793  06F6  3053               	movlw	83
   794  06F7  00F0               	movwf	??_main
   795  06F8                     u357:	
   796  06F8  0BF0               	decfsz	??_main,f
   797  06F9  2EF8               	goto	u357
   798  06FA                     l898:	
   799                           
   800                           ;LAB1_cas17169.c: 130:         if (PORTDbits.RD7 == 1) {
   801  06FA  1283               	bcf	3,5	;RP0=0, select bank0
   802  06FB  1303               	bcf	3,6	;RP1=0, select bank0
   803  06FC  1F87               	btfss	7,7	;volatile
   804  06FD  2EFF               	goto	u241
   805  06FE  2F00               	goto	u240
   806  06FF                     u241:	
   807  06FF  2F61               	goto	l932
   808  0700                     u240:	
   809  0700                     l900:	
   810                           
   811                           ;LAB1_cas17169.c: 131:             PORTC = 0x00;
   812  0700  0187               	clrf	7	;volatile
   813                           
   814                           ;LAB1_cas17169.c: 132:             PORTD = 0x00;
   815  0701  0188               	clrf	8	;volatile
   816  0702                     l902:	
   817                           
   818                           ;LAB1_cas17169.c: 133:             PORTEbits.RE1 = 1;
   819  0702  1409               	bsf	9,0	;volatile
   820  0703                     l904:	
   821                           
   822                           ;LAB1_cas17169.c: 134:             PORTB = TABLA7SEG[2];
   823  0703  0842               	movf	main@TABLA7SEG+2,w
   824  0704  0086               	movwf	6	;volatile
   825  0705                     l906:	
   826                           
   827                           ;LAB1_cas17169.c: 135:             _delay((unsigned long)((1000)*(4000000/4000.0)));
   828  0705  3006               	movlw	6
   829  0706  00F2               	movwf	??_main+2
   830  0707  3013               	movlw	19
   831  0708  00F1               	movwf	??_main+1
   832  0709  30AD               	movlw	173
   833  070A  00F0               	movwf	??_main
   834  070B                     u367:	
   835  070B  0BF0               	decfsz	??_main,f
   836  070C  2F0B               	goto	u367
   837  070D  0BF1               	decfsz	??_main+1,f
   838  070E  2F0B               	goto	u367
   839  070F  0BF2               	decfsz	??_main+2,f
   840  0710  2F0B               	goto	u367
   841  0711  2F12               	nop2
   842  0712                     l908:	
   843                           
   844                           ;LAB1_cas17169.c: 136:             PORTEbits.RE1 = 0;
   845  0712  1283               	bcf	3,5	;RP0=0, select bank0
   846  0713  1303               	bcf	3,6	;RP1=0, select bank0
   847  0714  1009               	bcf	9,0	;volatile
   848  0715                     l910:	
   849                           
   850                           ;LAB1_cas17169.c: 137:             PORTB = TABLA7SEG[0];
   851  0715  0840               	movf	main@TABLA7SEG,w
   852  0716  0086               	movwf	6	;volatile
   853  0717                     l912:	
   854                           
   855                           ;LAB1_cas17169.c: 138:             _delay((unsigned long)((1000)*(4000000/4000.0)));
   856  0717  3006               	movlw	6
   857  0718  00F2               	movwf	??_main+2
   858  0719  3013               	movlw	19
   859  071A  00F1               	movwf	??_main+1
   860  071B  30AD               	movlw	173
   861  071C  00F0               	movwf	??_main
   862  071D                     u377:	
   863  071D  0BF0               	decfsz	??_main,f
   864  071E  2F1D               	goto	u377
   865  071F  0BF1               	decfsz	??_main+1,f
   866  0720  2F1D               	goto	u377
   867  0721  0BF2               	decfsz	??_main+2,f
   868  0722  2F1D               	goto	u377
   869  0723  2F24               	nop2
   870  0724                     l914:	
   871                           
   872                           ;LAB1_cas17169.c: 139:             PORTB = TABLA7SEG[2];
   873  0724  1283               	bcf	3,5	;RP0=0, select bank0
   874  0725  1303               	bcf	3,6	;RP1=0, select bank0
   875  0726  0842               	movf	main@TABLA7SEG+2,w
   876  0727  0086               	movwf	6	;volatile
   877  0728                     l916:	
   878                           
   879                           ;LAB1_cas17169.c: 140:             PORTEbits.RE1 = 1;
   880  0728  1409               	bsf	9,0	;volatile
   881  0729                     l918:	
   882                           
   883                           ;LAB1_cas17169.c: 141:             _delay((unsigned long)((1000)*(4000000/4000.0)));
   884  0729  3006               	movlw	6
   885  072A  00F2               	movwf	??_main+2
   886  072B  3013               	movlw	19
   887  072C  00F1               	movwf	??_main+1
   888  072D  30AD               	movlw	173
   889  072E  00F0               	movwf	??_main
   890  072F                     u387:	
   891  072F  0BF0               	decfsz	??_main,f
   892  0730  2F2F               	goto	u387
   893  0731  0BF1               	decfsz	??_main+1,f
   894  0732  2F2F               	goto	u387
   895  0733  0BF2               	decfsz	??_main+2,f
   896  0734  2F2F               	goto	u387
   897  0735  2F36               	nop2
   898  0736                     l920:	
   899                           
   900                           ;LAB1_cas17169.c: 142:             PORTB = TABLA7SEG[0];
   901  0736  1283               	bcf	3,5	;RP0=0, select bank0
   902  0737  1303               	bcf	3,6	;RP1=0, select bank0
   903  0738  0840               	movf	main@TABLA7SEG,w
   904  0739  0086               	movwf	6	;volatile
   905  073A                     l922:	
   906                           
   907                           ;LAB1_cas17169.c: 143:             PORTEbits.RE1 = 0;
   908  073A  1009               	bcf	9,0	;volatile
   909  073B                     l924:	
   910                           
   911                           ;LAB1_cas17169.c: 144:             _delay((unsigned long)((1000)*(4000000/4000.0)));
   912  073B  3006               	movlw	6
   913  073C  00F2               	movwf	??_main+2
   914  073D  3013               	movlw	19
   915  073E  00F1               	movwf	??_main+1
   916  073F  30AD               	movlw	173
   917  0740  00F0               	movwf	??_main
   918  0741                     u397:	
   919  0741  0BF0               	decfsz	??_main,f
   920  0742  2F41               	goto	u397
   921  0743  0BF1               	decfsz	??_main+1,f
   922  0744  2F41               	goto	u397
   923  0745  0BF2               	decfsz	??_main+2,f
   924  0746  2F41               	goto	u397
   925  0747  2F48               	nop2
   926  0748                     l926:	
   927                           
   928                           ;LAB1_cas17169.c: 145:             PORTB = TABLA7SEG[2];
   929  0748  1283               	bcf	3,5	;RP0=0, select bank0
   930  0749  1303               	bcf	3,6	;RP1=0, select bank0
   931  074A  0842               	movf	main@TABLA7SEG+2,w
   932  074B  0086               	movwf	6	;volatile
   933  074C                     l928:	
   934                           
   935                           ;LAB1_cas17169.c: 146:             PORTEbits.RE1 = 1;
   936  074C  1409               	bsf	9,0	;volatile
   937  074D                     l930:	
   938                           
   939                           ;LAB1_cas17169.c: 148:             _delay((unsigned long)((5000)*(4000000/4000.0)));
   940  074D  301A               	movlw	26
   941  074E  00F2               	movwf	??_main+2
   942  074F  305E               	movlw	94
   943  0750  00F1               	movwf	??_main+1
   944  0751  306E               	movlw	110
   945  0752  00F0               	movwf	??_main
   946  0753                     u407:	
   947  0753  0BF0               	decfsz	??_main,f
   948  0754  2F53               	goto	u407
   949  0755  0BF1               	decfsz	??_main+1,f
   950  0756  2F53               	goto	u407
   951  0757  0BF2               	decfsz	??_main+2,f
   952  0758  2F53               	goto	u407
   953  0759  0000               	nop
   954                           
   955                           ;LAB1_cas17169.c: 149:             PORTB = 0x00;
   956  075A  1283               	bcf	3,5	;RP0=0, select bank0
   957  075B  1303               	bcf	3,6	;RP1=0, select bank0
   958  075C  0186               	clrf	6	;volatile
   959                           
   960                           ;LAB1_cas17169.c: 150:             PORTC = 0x00;
   961  075D  0187               	clrf	7	;volatile
   962                           
   963                           ;LAB1_cas17169.c: 151:             PORTD = 0x00;
   964  075E  0188               	clrf	8	;volatile
   965                           
   966                           ;LAB1_cas17169.c: 152:             PORTE = 0x00;
   967  075F  0189               	clrf	9	;volatile
   968                           
   969                           ;LAB1_cas17169.c: 153:             FLAG_ON = 0;
   970  0760  01E8               	clrf	_FLAG_ON
   971  0761                     l932:	
   972                           
   973                           ;LAB1_cas17169.c: 157:         if (PORTAbits.RA1 == 0) {
   974  0761  1F88               	btfss	8,7	;volatile
   975  0762  2F64               	goto	u251
   976  0763  2F65               	goto	u250
   977  0764                     u251:	
   978  0764  2FC6               	goto	l966
   979  0765                     u250:	
   980  0765                     l934:	
   981                           
   982                           ;LAB1_cas17169.c: 158:            ESTADO2 = 0;
   983  0765  0187               	clrf	7	;volatile
   984                           
   985                           ;LAB1_cas17169.c: 159:         }
   986  0766  0188               	clrf	8	;volatile
   987  0767                     l936:	
   988                           
   989                           ;LAB1_cas17169.c: 160: 
   990  0767  1489               	bsf	9,1	;volatile
   991  0768                     l938:	
   992                           
   993                           ;LAB1_cas17169.c: 161:         if (PORTAbits.RA2 == 0) {
   994  0768  0844               	movf	main@TABLA7SEG+4,w
   995  0769  0086               	movwf	6	;volatile
   996  076A                     l940:	
   997                           
   998                           ;LAB1_cas17169.c: 162:            ESTADO3 = 0;
   999  076A  3006               	movlw	6
  1000  076B  00F2               	movwf	??_main+2
  1001  076C  3013               	movlw	19
  1002  076D  00F1               	movwf	??_main+1
  1003  076E  30AD               	movlw	173
  1004  076F  00F0               	movwf	??_main
  1005  0770                     u417:	
  1006  0770  0BF0               	decfsz	??_main,f
  1007  0771  2F70               	goto	u417
  1008  0772  0BF1               	decfsz	??_main+1,f
  1009  0773  2F70               	goto	u417
  1010  0774  0BF2               	decfsz	??_main+2,f
  1011  0775  2F70               	goto	u417
  1012  0776  2F77               	nop2
  1013  0777                     l942:	
  1014                           
  1015                           ;LAB1_cas17169.c: 163:         }
  1016  0777  1283               	bcf	3,5	;RP0=0, select bank0
  1017  0778  1303               	bcf	3,6	;RP1=0, select bank0
  1018  0779  1089               	bcf	9,1	;volatile
  1019  077A                     l944:	
  1020                           
  1021                           ;LAB1_cas17169.c: 164: 
  1022  077A  0840               	movf	main@TABLA7SEG,w
  1023  077B  0086               	movwf	6	;volatile
  1024  077C                     l946:	
  1025                           
  1026                           ;LAB1_cas17169.c: 165: 
  1027  077C  3006               	movlw	6
  1028  077D  00F2               	movwf	??_main+2
  1029  077E  3013               	movlw	19
  1030  077F  00F1               	movwf	??_main+1
  1031  0780  30AD               	movlw	173
  1032  0781  00F0               	movwf	??_main
  1033  0782                     u427:	
  1034  0782  0BF0               	decfsz	??_main,f
  1035  0783  2F82               	goto	u427
  1036  0784  0BF1               	decfsz	??_main+1,f
  1037  0785  2F82               	goto	u427
  1038  0786  0BF2               	decfsz	??_main+2,f
  1039  0787  2F82               	goto	u427
  1040  0788  2F89               	nop2
  1041  0789                     l948:	
  1042                           
  1043                           ;LAB1_cas17169.c: 166:     }
  1044  0789  1283               	bcf	3,5	;RP0=0, select bank0
  1045  078A  1303               	bcf	3,6	;RP1=0, select bank0
  1046  078B  0844               	movf	main@TABLA7SEG+4,w
  1047  078C  0086               	movwf	6	;volatile
  1048  078D                     l950:	
  1049                           
  1050                           ;LAB1_cas17169.c: 167:   }
  1051  078D  1489               	bsf	9,1	;volatile
  1052  078E                     l952:	
  1053                           
  1054                           ;LAB1_cas17169.c: 168:     return;
  1055  078E  3006               	movlw	6
  1056  078F  00F2               	movwf	??_main+2
  1057  0790  3013               	movlw	19
  1058  0791  00F1               	movwf	??_main+1
  1059  0792  30AD               	movlw	173
  1060  0793  00F0               	movwf	??_main
  1061  0794                     u437:	
  1062  0794  0BF0               	decfsz	??_main,f
  1063  0795  2F94               	goto	u437
  1064  0796  0BF1               	decfsz	??_main+1,f
  1065  0797  2F94               	goto	u437
  1066  0798  0BF2               	decfsz	??_main+2,f
  1067  0799  2F94               	goto	u437
  1068  079A  2F9B               	nop2
  1069  079B                     l954:	
  1070                           
  1071                           ;LAB1_cas17169.c: 169: }
  1072  079B  1283               	bcf	3,5	;RP0=0, select bank0
  1073  079C  1303               	bcf	3,6	;RP1=0, select bank0
  1074  079D  0840               	movf	main@TABLA7SEG,w
  1075  079E  0086               	movwf	6	;volatile
  1076  079F                     l956:	
  1077                           
  1078                           ;LAB1_cas17169.c: 170: 
  1079  079F  1089               	bcf	9,1	;volatile
  1080  07A0                     l958:	
  1081                           
  1082                           ;LAB1_cas17169.c: 171: 
  1083  07A0  3006               	movlw	6
  1084  07A1  00F2               	movwf	??_main+2
  1085  07A2  3013               	movlw	19
  1086  07A3  00F1               	movwf	??_main+1
  1087  07A4  30AD               	movlw	173
  1088  07A5  00F0               	movwf	??_main
  1089  07A6                     u447:	
  1090  07A6  0BF0               	decfsz	??_main,f
  1091  07A7  2FA6               	goto	u447
  1092  07A8  0BF1               	decfsz	??_main+1,f
  1093  07A9  2FA6               	goto	u447
  1094  07AA  0BF2               	decfsz	??_main+2,f
  1095  07AB  2FA6               	goto	u447
  1096  07AC  2FAD               	nop2
  1097  07AD                     l960:	
  1098                           
  1099                           ;LAB1_cas17169.c: 172: 
  1100  07AD  1283               	bcf	3,5	;RP0=0, select bank0
  1101  07AE  1303               	bcf	3,6	;RP1=0, select bank0
  1102  07AF  0844               	movf	main@TABLA7SEG+4,w
  1103  07B0  0086               	movwf	6	;volatile
  1104  07B1                     l962:	
  1105                           
  1106                           ;LAB1_cas17169.c: 173: void config(void){
  1107  07B1  1489               	bsf	9,1	;volatile
  1108  07B2                     l964:	
  1109                           
  1110                           ;LAB1_cas17169.c: 175:     TRISB = 0x00;
  1111  07B2  301A               	movlw	26
  1112  07B3  00F2               	movwf	??_main+2
  1113  07B4  305E               	movlw	94
  1114  07B5  00F1               	movwf	??_main+1
  1115  07B6  306E               	movlw	110
  1116  07B7  00F0               	movwf	??_main
  1117  07B8                     u457:	
  1118  07B8  0BF0               	decfsz	??_main,f
  1119  07B9  2FB8               	goto	u457
  1120  07BA  0BF1               	decfsz	??_main+1,f
  1121  07BB  2FB8               	goto	u457
  1122  07BC  0BF2               	decfsz	??_main+2,f
  1123  07BD  2FB8               	goto	u457
  1124  07BE  0000               	nop
  1125                           
  1126                           ;LAB1_cas17169.c: 176:     TRISC = 0x00;
  1127  07BF  1283               	bcf	3,5	;RP0=0, select bank0
  1128  07C0  1303               	bcf	3,6	;RP1=0, select bank0
  1129  07C1  0186               	clrf	6	;volatile
  1130                           
  1131                           ;LAB1_cas17169.c: 177:     TRISD = 0x00;
  1132  07C2  0187               	clrf	7	;volatile
  1133                           
  1134                           ;LAB1_cas17169.c: 178: 
  1135  07C3  0188               	clrf	8	;volatile
  1136                           
  1137                           ;LAB1_cas17169.c: 179:     TRISAbits.TRISA0 = 1 ;
  1138  07C4  0189               	clrf	9	;volatile
  1139                           
  1140                           ;LAB1_cas17169.c: 180:     TRISAbits.TRISA1 = 1 ;
  1141  07C5  01E8               	clrf	_FLAG_ON
  1142  07C6                     l966:	
  1143                           
  1144                           ;LAB1_cas17169.c: 184:     TRISAbits.TRISA5 = 0 ;
  1145  07C6  1885               	btfsc	5,1	;volatile
  1146  07C7  2FC9               	goto	u261
  1147  07C8  2FCA               	goto	u260
  1148  07C9                     u261:	
  1149  07C9  2FCB               	goto	l970
  1150  07CA                     u260:	
  1151  07CA                     l968:	
  1152                           
  1153                           ;LAB1_cas17169.c: 185: 
  1154  07CA  01EA               	clrf	_ESTADO2
  1155  07CB                     l970:	
  1156                           
  1157                           ;LAB1_cas17169.c: 188: 
  1158  07CB  1905               	btfsc	5,2	;volatile
  1159  07CC  2FCE               	goto	u271
  1160  07CD  2FCF               	goto	u270
  1161  07CE                     u271:	
  1162  07CE  2FD0               	goto	l974
  1163  07CF                     u270:	
  1164  07CF                     l972:	
  1165                           
  1166                           ;LAB1_cas17169.c: 189:     PORTA = 0x00;
  1167  07CF  01E9               	clrf	_ESTADO3
  1168  07D0                     l974:	
  1169                           
  1170                           ;LAB1_cas17169.c: 111:             _delay((unsigned long)((1000)*(4000000/4000.0)));
  1171  07D0  0368               	decf	_FLAG_ON,w
  1172  07D1  1903               	btfsc	3,2
  1173  07D2  2FD4               	goto	u281
  1174  07D3  2FD5               	goto	u280
  1175  07D4                     u281:	
  1176  07D4  2EBE               	goto	l63
  1177  07D5                     u280:	
  1178  07D5  2E60               	goto	l848
  1179  07D6  120A  118A  2800   	ljmp	start
  1180  07D9                     __end_of_main:	
  1181                           
  1182                           	psect	text1
  1183  05DF                     __ptext1:	
  1184 ;; *************** function _config *****************
  1185 ;; Defined at:
  1186 ;;		line 200 in file "LAB1_cas17169.c"
  1187 ;; Parameters:    Size  Location     Type
  1188 ;;		None
  1189 ;; Auto vars:     Size  Location     Type
  1190 ;;		None
  1191 ;; Return value:  Size  Location     Type
  1192 ;;                  1    wreg      void 
  1193 ;; Registers used:
  1194 ;;		status,2
  1195 ;; Tracked objects:
  1196 ;;		On entry : 0/0
  1197 ;;		On exit  : 0/0
  1198 ;;		Unchanged: 0/0
  1199 ;; Data sizes:     COMMON   BANK0   BANK1   BANK3   BANK2
  1200 ;;      Params:         0       0       0       0       0
  1201 ;;      Locals:         0       0       0       0       0
  1202 ;;      Temps:          0       0       0       0       0
  1203 ;;      Totals:         0       0       0       0       0
  1204 ;;Total ram usage:        0 bytes
  1205 ;; Hardware stack levels used:    1
  1206 ;; This function calls:
  1207 ;;		Nothing
  1208 ;; This function is called by:
  1209 ;;		_main
  1210 ;; This function uses a non-reentrant model
  1211 ;;
  1212                           
  1213                           
  1214                           ;psect for function _config
  1215  05DF                     _config:	
  1216  05DF                     l822:	
  1217                           ;incstack = 0
  1218                           ; Regs used in _config: [status,2]
  1219                           
  1220  05DF  1683               	bsf	3,5	;RP0=1, select bank3
  1221  05E0  1703               	bsf	3,6	;RP1=1, select bank3
  1222  05E1  0189               	clrf	9	;volatile
  1223  05E2  0188               	clrf	8	;volatile
  1224  05E3  1683               	bsf	3,5	;RP0=1, select bank1
  1225  05E4  1303               	bcf	3,6	;RP1=0, select bank1
  1226  05E5  0186               	clrf	6	;volatile
  1227  05E6  0187               	clrf	7	;volatile
  1228  05E7  0188               	clrf	8	;volatile
  1229  05E8                     l824:	
  1230  05E8  1405               	bsf	5,0	;volatile
  1231  05E9                     l826:	
  1232  05E9  1485               	bsf	5,1	;volatile
  1233  05EA                     l828:	
  1234  05EA  1505               	bsf	5,2	;volatile
  1235  05EB                     l830:	
  1236  05EB  1185               	bcf	5,3	;volatile
  1237  05EC                     l832:	
  1238  05EC  1205               	bcf	5,4	;volatile
  1239  05ED                     l834:	
  1240  05ED  1285               	bcf	5,5	;volatile
  1241  05EE                     l836:	
  1242  05EE  1009               	bcf	9,0	;volatile
  1243  05EF                     l838:	
  1244  05EF  1089               	bcf	9,1	;volatile
  1245  05F0  1283               	bcf	3,5	;RP0=0, select bank0
  1246  05F1  1303               	bcf	3,6	;RP1=0, select bank0
  1247  05F2  0185               	clrf	5	;volatile
  1248  05F3  0186               	clrf	6	;volatile
  1249  05F4  0187               	clrf	7	;volatile
  1250  05F5  0188               	clrf	8	;volatile
  1251  05F6  0189               	clrf	9	;volatile
  1252  05F7                     l76:	
  1253  05F7  0008               	return
  1254  05F8                     __end_of_config:	
  1255  007E                     btemp	set	126	;btemp
  1256  007E                     wtemp0	set	126


Data Sizes:
    Strings     0
    Constant    0
    Data        52
    BSS         8
    Persistent  0
    Stack       0

Auto Spaces:
    Space          Size  Autos    Used
    COMMON           14      4       4
    BANK0            80     52      76
    BANK1            80      0      36
    BANK3            96      0       0
    BANK2            96      0       0

Pointer List with Targets:

    None.

Critical Paths under _main in COMMON

    None.

Critical Paths under _main in BANK0

    None.

Critical Paths under _main in BANK1

    None.

Critical Paths under _main in BANK3

    None.

Critical Paths under _main in BANK2

    None.

Call Graph Tables:

 ---------------------------------------------------------------------------------
 (Depth) Function   	        Calls       Base Space   Used Autos Params    Refs
 ---------------------------------------------------------------------------------
 (0) _main                                                56    56      0     366
                                              0 COMMON     4     4      0
                                              0 BANK0     52    52      0
                             _config
 ---------------------------------------------------------------------------------
 (1) _config                                               0     0      0       0
 ---------------------------------------------------------------------------------
 Estimated maximum stack depth 1
 ---------------------------------------------------------------------------------

 Call Graph Graphs:

 _main (ROOT)
   _config

 Address spaces:
Name               Size   Autos  Total    Cost      Usage
BANK3               60      0       0       9        0.0%
BITBANK3            60      0       0       8        0.0%
SFR3                 0      0       0       4        0.0%
BITSFR3              0      0       0       4        0.0%
BANK2               60      0       0      11        0.0%
BITBANK2            60      0       0      10        0.0%
SFR2                 0      0       0       5        0.0%
BITSFR2              0      0       0       5        0.0%
BANK1               50      0      24       7       45.0%
BITBANK1            50      0       0       6        0.0%
SFR1                 0      0       0       2        0.0%
BITSFR1              0      0       0       2        0.0%
BANK0               50     34      4C       5       95.0%
BITBANK0            50      0       0       4        0.0%
SFR0                 0      0       0       1        0.0%
BITSFR0              0      0       0       1        0.0%
COMMON               E      4       4       1       28.6%
BITCOMMON            E      0       0       0        0.0%
CODE                 0      0       0       0        0.0%
DATA                 0      0      74      12        0.0%
ABS                  0      0      74       3        0.0%
NULL                 0      0       0       0        0.0%
STACK                0      0       0       2        0.0%
EEDATA             100      0       0       0        0.0%


Microchip Technology PIC Macro Assembler V2.10 build 88905656 
Symbol Table                                                                                   Fri Jan 31 13:07:40 2020

                       pc 0002               __CFG_CP$OFF 0000                        l63 06BE  
                      l76 05F7                        fsr 0004                       l900 0700  
                     l830 05EB                       l822 05DF                       l910 0715  
                     l902 0702                       l832 05EC                       l824 05E8  
                     l920 0736                       l912 0717                       l904 0703  
                     l840 061C                       l834 05ED                       l826 05E9  
                     l930 074D                       l922 073A                       l914 0724  
                     l906 0705                       l850 0666                       l842 0621  
                     l836 05EE                       l828 05EA                       l940 076A  
                     l924 073B                       l916 0728                       l908 0712  
                     l932 0761                       l860 0674                       l852 0668  
                     l844 0636                       l838 05EF                       l950 078D  
                     l942 0777                       l934 0765                       l926 0748  
                     l918 0729                       l870 06B7                       l862 0686  
                     l854 066C                       l846 064B                       l960 07AD  
                     l952 078E                       l944 077A                       l936 0767  
                     l928 074C                       l880 06C9                       l872 06BA  
                     l864 0698                       l856 066C                       l848 0660  
                     l970 07CB                       l962 07B1                       l954 079B  
                     l946 077C                       l938 0768                       l890 06E6  
                     l882 06D1                       l866 06B3                       l858 0672  
                     l874 06BC                       l972 07CF                       l964 07B2  
                     l956 079F                       l948 0789                       l892 06E8  
                     l884 06D7                       l876 06C2                       l868 06B6  
                     l958 07A0                       l966 07C6                       l894 06F0  
                     l878 06C7                       l886 06DB                       l974 07D0  
                     l968 07CA                       l896 06F6                       l888 06E1  
                     l898 06FA                       u200 06C2                       u201 06C1  
                     u210 06C7                       u211 06C6                       u220 06E1  
                     u221 06E0                       u230 06E6                       u150 0629  
                     u231 06E5                       u240 0700                       u160 063E  
                     u241 06FF                       u250 0765                       u170 0653  
                     u251 0764                       u307 067B                       u260 07CA  
                     u180 0666                       u261 07C9                       u317 068D  
                     u181 0665                       u270 07CF                       u190 0672  
                     u271 07CE                       u407 0753                       u327 069F  
                     u191 0671                       u280 07D5                       u281 07D4  
                     u417 0770                       u337 06AC              __CFG_CPD$OFF 0000  
                     u427 0782                       u347 06D9                       u437 0794  
                     u357 06F8                       u447 07A6                       u367 070B  
                     u457 07B8                       u377 071D                       u297 066A  
                     u387 072F                       u397 0741                       fsr0 0004  
                     indf 0000              __CFG_LVP$OFF 0000              __CFG_WRT$OFF 0000  
                    _main 061C                      btemp 007E                      start 0000  
           __CFG_IESO$OFF 0000             __CFG_MCLRE$ON 0000                     ?_main 0070  
           __CFG_WDTE$OFF 0000                     _ANSEL 0188                     _PORTA 0005  
                   _PORTB 0006                     _PORTC 0007                     _PORTD 0008  
                   _PORTE 0009                     _TRISB 0086                     _TRISC 0087  
                   _TRISD 0088            __CFG_FCMEN$OFF 0000                     _count 0066  
          __CFG_BOREN$OFF 0000                     pclath 000A                     status 0003  
                   wtemp0 007E           __initialization 07D9              __end_of_main 07D9  
                  ??_main 0070                    _ANSELH 0189                    _ESTADO 006B  
          __CFG_PWRTE$OFF 0000                    _config 05DF                    _count2 0064  
 __end_of__initialization 07FC            __pcstackCOMMON 0070              __pidataBANK0 05BC  
            __pidataBANK1 05F8                __pbssBANK0 0064                __pmaintext 061C  
                 ?_config 0070                   _FLAG_ON 0068                   _ESTADO2 006A  
                 _ESTADO3 0069           __size_of_config 0019                   __ptext1 05DF  
    end_of_initialization 07FC                 _PORTAbits 0005                 _PORTCbits 0007  
               _PORTDbits 0008                 _PORTEbits 0009                 _TRISAbits 0085  
               _TRISEbits 0089            __end_of_config 05F8       start_initialization 07D9  
__CFG_FOSC$INTRC_NOCLKOUT 0000                init_fetch0 05CC                  ??_config 0070  
             __pdataBANK0 0054               __pdataBANK1 00A0                 ___latbits 0002  
           __pcstackBANK0 0020                 main@F1272 00A0                 main@F1274 0054  
               main@F1276 00B4           main@jugador_dos 0030           main@jugador_uno 0020  
       __CFG_BOR4V$BOR40V 0000             __size_of_main 01BD                  init_ram0 05D0  
           main@TABLA7SEG 0040  
